This file contains any messages produced by compilers while
running configure, to aid debugging if configure makes a mistake.

It was created by CppUTest configure 4.0, which was
generated by GNU Autoconf 2.71.  Invocation command line was

  $ ./configure

## --------- ##
## Platform. ##
## --------- ##

hostname = nullachtfuenfzehn-laptop
uname -m = x86_64
uname -r = 5.19.0-40-generic
uname -s = Linux
uname -v = #41~22.04.1-Ubuntu SMP PREEMPT_DYNAMIC Fri Mar 31 16:00:14 UTC 2

/usr/bin/uname -p = x86_64
/bin/uname -X     = unknown

/bin/arch              = x86_64
/usr/bin/arch -k       = unknown
/usr/convex/getsysinfo = unknown
/usr/bin/hostinfo      = unknown
/bin/machine           = unknown
/usr/bin/oslevel       = unknown
/bin/universe          = unknown

PATH: /usr/local/sbin/
PATH: /usr/local/bin/
PATH: /usr/sbin/
PATH: /usr/bin/
PATH: /sbin/
PATH: /bin/
PATH: /usr/games/
PATH: /usr/local/games/
PATH: /snap/bin/
PATH: /snap/bin/


## ----------- ##
## Core tests. ##
## ----------- ##

configure:3248: looking for aux files: compile config.guess config.sub ltmain.sh missing install-sh
configure:3261:  trying ././
configure:3290:   ././compile found
configure:3290:   ././config.guess found
configure:3290:   ././config.sub found
configure:3290:   ././ltmain.sh found
configure:3290:   ././missing found
configure:3272:   ././install-sh found
configure:3420: checking for a BSD-compatible install
configure:3493: result: /usr/bin/install -c
configure:3504: checking whether build environment is sane
configure:3559: result: yes
configure:3718: checking for a race-free mkdir -p
configure:3762: result: /usr/bin/mkdir -p
configure:3769: checking for gawk
configure:3804: result: no
configure:3769: checking for mawk
configure:3790: found /usr/bin/mawk
configure:3801: result: mawk
configure:3812: checking whether make sets $(MAKE)
configure:3835: result: yes
configure:3865: checking whether make supports nested variables
configure:3883: result: yes
configure:4064: checking build system type
configure:4079: result: x86_64-pc-linux-gnu
configure:4099: checking host system type
configure:4113: result: x86_64-pc-linux-gnu
configure:4154: checking how to print strings
configure:4181: result: printf
configure:4215: checking whether make supports the include directive
configure:4230: make -f confmf.GNU && cat confinc.out
this is the am__doit target
configure:4233: $? = 0
configure:4252: result: yes (GNU style)
configure:4328: checking for gcc
configure:4349: found /usr/bin/gcc
configure:4360: result: gcc
configure:4713: checking for C compiler version
configure:4722: gcc --version >&5
gcc (Ubuntu 11.3.0-1ubuntu1~22.04) 11.3.0
Copyright (C) 2021 Free Software Foundation, Inc.
This is free software; see the source for copying conditions.  There is NO
warranty; not even for MERCHANTABILITY or FITNESS FOR A PARTICULAR PURPOSE.

configure:4733: $? = 0
configure:4722: gcc -v >&5
Using built-in specs.
COLLECT_GCC=gcc
COLLECT_LTO_WRAPPER=/usr/lib/gcc/x86_64-linux-gnu/11/lto-wrapper
OFFLOAD_TARGET_NAMES=nvptx-none:amdgcn-amdhsa
OFFLOAD_TARGET_DEFAULT=1
Target: x86_64-linux-gnu
Configured with: ../src/configure -v --with-pkgversion='Ubuntu 11.3.0-1ubuntu1~22.04' --with-bugurl=file:///usr/share/doc/gcc-11/README.Bugs --enable-languages=c,ada,c++,go,brig,d,fortran,objc,obj-c++,m2 --prefix=/usr --with-gcc-major-version-only --program-suffix=-11 --program-prefix=x86_64-linux-gnu- --enable-shared --enable-linker-build-id --libexecdir=/usr/lib --without-included-gettext --enable-threads=posix --libdir=/usr/lib --enable-nls --enable-bootstrap --enable-clocale=gnu --enable-libstdcxx-debug --enable-libstdcxx-time=yes --with-default-libstdcxx-abi=new --enable-gnu-unique-object --disable-vtable-verify --enable-plugin --enable-default-pie --with-system-zlib --enable-libphobos-checking=release --with-target-system-zlib=auto --enable-objc-gc=auto --enable-multiarch --disable-werror --enable-cet --with-arch-32=i686 --with-abi=m64 --with-multilib-list=m32,m64,mx32 --enable-multilib --with-tune=generic --enable-offload-targets=nvptx-none=/build/gcc-11-xKiWfi/gcc-11-11.3.0/debian/tmp-nvptx/usr,amdgcn-amdhsa=/build/gcc-11-xKiWfi/gcc-11-11.3.0/debian/tmp-gcn/usr --without-cuda-driver --enable-checking=release --build=x86_64-linux-gnu --host=x86_64-linux-gnu --target=x86_64-linux-gnu --with-build-config=bootstrap-lto-lean --enable-link-serialization=2
Thread model: posix
Supported LTO compression algorithms: zlib zstd
gcc version 11.3.0 (Ubuntu 11.3.0-1ubuntu1~22.04) 
... rest of stderr output deleted ...
configure:4733: $? = 0
configure:4722: gcc -V >&5
gcc: error: unrecognized command-line option '-V'
gcc: fatal error: no input files
compilation terminated.
configure:4733: $? = 1
configure:4722: gcc -qversion >&5
gcc: error: unrecognized command-line option '-qversion'; did you mean '--version'?
gcc: fatal error: no input files
compilation terminated.
configure:4733: $? = 1
configure:4722: gcc -version >&5
gcc: error: unrecognized command-line option '-version'
gcc: fatal error: no input files
compilation terminated.
configure:4733: $? = 1
configure:4753: checking whether the C compiler works
configure:4775: gcc    conftest.c  >&5
configure:4779: $? = 0
configure:4829: result: yes
configure:4832: checking for C compiler default output file name
configure:4834: result: a.out
configure:4840: checking for suffix of executables
configure:4847: gcc -o conftest    conftest.c  >&5
configure:4851: $? = 0
configure:4874: result: 
configure:4896: checking whether we are cross compiling
configure:4904: gcc -o conftest    conftest.c  >&5
configure:4908: $? = 0
configure:4915: ./conftest
configure:4919: $? = 0
configure:4934: result: no
configure:4939: checking for suffix of object files
configure:4962: gcc -c   conftest.c >&5
configure:4966: $? = 0
configure:4988: result: o
configure:4992: checking whether the compiler supports GNU C
configure:5012: gcc -c   conftest.c >&5
configure:5012: $? = 0
configure:5022: result: yes
configure:5033: checking whether gcc accepts -g
configure:5054: gcc -c -g  conftest.c >&5
configure:5054: $? = 0
configure:5098: result: yes
configure:5118: checking for gcc option to enable C11 features
configure:5133: gcc  -c -g -O2  conftest.c >&5
configure:5133: $? = 0
configure:5151: result: none needed
configure:5267: checking whether gcc understands -c and -o together
configure:5290: gcc -c conftest.c -o conftest2.o
configure:5293: $? = 0
configure:5290: gcc -c conftest.c -o conftest2.o
configure:5293: $? = 0
configure:5305: result: yes
configure:5324: checking dependency style of gcc
configure:5436: result: gcc3
configure:5451: checking for a sed that does not truncate output
configure:5521: result: /usr/bin/sed
configure:5539: checking for grep that handles long lines and -e
configure:5603: result: /usr/bin/grep
configure:5608: checking for egrep
configure:5676: result: /usr/bin/grep -E
configure:5681: checking for fgrep
configure:5749: result: /usr/bin/grep -F
configure:5785: checking for ld used by gcc
configure:5853: result: /usr/bin/ld
configure:5860: checking if the linker (/usr/bin/ld) is GNU ld
configure:5876: result: yes
configure:5888: checking for BSD- or MS-compatible name lister (nm)
configure:5943: result: /usr/bin/nm -B
configure:6083: checking the name lister (/usr/bin/nm -B) interface
configure:6091: gcc -c -g -O2  conftest.c >&5
configure:6094: /usr/bin/nm -B "conftest.o"
configure:6097: output
0000000000000000 B some_variable
configure:6104: result: BSD nm
configure:6107: checking whether ln -s works
configure:6111: result: yes
configure:6119: checking the maximum length of command line arguments
configure:6251: result: 1572864
configure:6299: checking how to convert x86_64-pc-linux-gnu file names to x86_64-pc-linux-gnu format
configure:6340: result: func_convert_file_noop
configure:6347: checking how to convert x86_64-pc-linux-gnu file names to toolchain format
configure:6368: result: func_convert_file_noop
configure:6375: checking for /usr/bin/ld option to reload object files
configure:6383: result: -r
configure:6462: checking for objdump
configure:6483: found /usr/bin/objdump
configure:6494: result: objdump
configure:6526: checking how to recognize dependent libraries
configure:6727: result: pass_all
configure:6817: checking for dlltool
configure:6852: result: no
configure:6882: checking how to associate runtime and link libraries
configure:6910: result: printf %s\n
configure:6976: checking for ar
configure:6997: found /usr/bin/ar
configure:7008: result: ar
configure:7045: checking for archiver @FILE support
configure:7063: gcc -c -g -O2  conftest.c >&5
configure:7063: $? = 0
configure:7067: ar cru libconftest.a @conftest.lst >&5
ar: `u' modifier ignored since `D' is the default (see `U')
configure:7070: $? = 0
configure:7075: ar cru libconftest.a @conftest.lst >&5
ar: `u' modifier ignored since `D' is the default (see `U')
ar: conftest.o: No such file or directory
configure:7078: $? = 1
configure:7090: result: @
configure:7153: checking for strip
configure:7174: found /usr/bin/strip
configure:7185: result: strip
configure:7262: checking for ranlib
configure:7283: found /usr/bin/ranlib
configure:7294: result: ranlib
configure:7396: checking command to parse /usr/bin/nm -B output from gcc object
configure:7550: gcc -c -g -O2  conftest.c >&5
configure:7553: $? = 0
configure:7557: /usr/bin/nm -B conftest.o \| sed -n -e 's/^.*[ ]\([ABCDGIRSTW][ABCDGIRSTW]*\)[ ][ ]*\([_A-Za-z][_A-Za-z0-9]*\)$/\1 \2 \2/p' | sed '/ __gnu_lto/d' \> conftest.nm
configure:7560: $? = 0
configure:7626: gcc -o conftest -g -O2   conftest.c conftstm.o >&5
configure:7629: $? = 0
configure:7667: result: ok
configure:7714: checking for sysroot
configure:7745: result: no
configure:7752: checking for a working dd
configure:7796: result: /usr/bin/dd
configure:7800: checking how to truncate binary pipes
configure:7816: result: /usr/bin/dd bs=4096 count=1
configure:7953: gcc -c -g -O2  conftest.c >&5
configure:7956: $? = 0
configure:8153: checking for mt
configure:8174: found /usr/bin/mt
configure:8185: result: mt
configure:8208: checking if mt is a manifest tool
configure:8215: mt '-?'
configure:8223: result: no
configure:8953: checking for stdio.h
configure:8953: gcc -c -g -O2  conftest.c >&5
configure:8953: $? = 0
configure:8953: result: yes
configure:8953: checking for stdlib.h
configure:8953: gcc -c -g -O2  conftest.c >&5
configure:8953: $? = 0
configure:8953: result: yes
configure:8953: checking for string.h
configure:8953: gcc -c -g -O2  conftest.c >&5
configure:8953: $? = 0
configure:8953: result: yes
configure:8953: checking for inttypes.h
configure:8953: gcc -c -g -O2  conftest.c >&5
configure:8953: $? = 0
configure:8953: result: yes
configure:8953: checking for stdint.h
configure:8953: gcc -c -g -O2  conftest.c >&5
configure:8953: $? = 0
configure:8953: result: yes
configure:8953: checking for strings.h
configure:8953: gcc -c -g -O2  conftest.c >&5
configure:8953: $? = 0
configure:8953: result: yes
configure:8953: checking for sys/stat.h
configure:8953: gcc -c -g -O2  conftest.c >&5
configure:8953: $? = 0
configure:8953: result: yes
configure:8953: checking for sys/types.h
configure:8953: gcc -c -g -O2  conftest.c >&5
configure:8953: $? = 0
configure:8953: result: yes
configure:8953: checking for unistd.h
configure:8953: gcc -c -g -O2  conftest.c >&5
configure:8953: $? = 0
configure:8953: result: yes
configure:8953: checking for vfork.h
configure:8953: gcc -c -g -O2  conftest.c >&5
conftest.c:48:10: fatal error: vfork.h: No such file or directory
   48 | #include <vfork.h>
      |          ^~~~~~~~~
compilation terminated.
configure:8953: $? = 1
configure: failed program was:
| /* confdefs.h */
| #define PACKAGE_NAME "CppUTest"
| #define PACKAGE_TARNAME "cpputest"
| #define PACKAGE_VERSION "4.0"
| #define PACKAGE_STRING "CppUTest 4.0"
| #define PACKAGE_BUGREPORT "https://github.com/cpputest/cpputest"
| #define PACKAGE_URL ""
| #define PACKAGE "cpputest"
| #define VERSION "4.0"
| #define HAVE_STDIO_H 1
| #define HAVE_STDLIB_H 1
| #define HAVE_STRING_H 1
| #define HAVE_INTTYPES_H 1
| #define HAVE_STDINT_H 1
| #define HAVE_STRINGS_H 1
| #define HAVE_SYS_STAT_H 1
| #define HAVE_SYS_TYPES_H 1
| #define HAVE_UNISTD_H 1
| /* end confdefs.h.  */
| #include <stddef.h>
| #ifdef HAVE_STDIO_H
| # include <stdio.h>
| #endif
| #ifdef HAVE_STDLIB_H
| # include <stdlib.h>
| #endif
| #ifdef HAVE_STRING_H
| # include <string.h>
| #endif
| #ifdef HAVE_INTTYPES_H
| # include <inttypes.h>
| #endif
| #ifdef HAVE_STDINT_H
| # include <stdint.h>
| #endif
| #ifdef HAVE_STRINGS_H
| # include <strings.h>
| #endif
| #ifdef HAVE_SYS_TYPES_H
| # include <sys/types.h>
| #endif
| #ifdef HAVE_SYS_STAT_H
| # include <sys/stat.h>
| #endif
| #ifdef HAVE_UNISTD_H
| # include <unistd.h>
| #endif
| #include <vfork.h>
configure:8953: result: no
configure:8978: checking for dlfcn.h
configure:8978: gcc -c -g -O2  conftest.c >&5
configure:8978: $? = 0
configure:8978: result: yes
configure:9235: checking for objdir
configure:9251: result: .libs
configure:9515: checking if gcc supports -fno-rtti -fno-exceptions
configure:9534: gcc -c -g -O2  -fno-rtti -fno-exceptions conftest.c >&5
cc1: warning: command-line option '-fno-rtti' is valid for C++/D/ObjC++ but not for C
configure:9538: $? = 0
configure:9551: result: no
configure:9909: checking for gcc option to produce PIC
configure:9917: result: -fPIC -DPIC
configure:9925: checking if gcc PIC flag -fPIC -DPIC works
configure:9944: gcc -c -g -O2  -fPIC -DPIC -DPIC conftest.c >&5
configure:9948: $? = 0
configure:9961: result: yes
configure:9990: checking if gcc static flag -static works
configure:10019: result: yes
configure:10034: checking if gcc supports -c -o file.o
configure:10056: gcc -c -g -O2  -o out/conftest2.o conftest.c >&5
configure:10060: $? = 0
configure:10082: result: yes
configure:10090: checking if gcc supports -c -o file.o
configure:10138: result: yes
configure:10171: checking whether the gcc linker (/usr/bin/ld -m elf_x86_64) supports shared libraries
configure:11441: result: yes
configure:11478: checking whether -lc should be explicitly linked in
configure:11487: gcc -c -g -O2  conftest.c >&5
configure:11490: $? = 0
configure:11505: gcc -shared  -fPIC -DPIC conftest.o  -v -Wl,-soname -Wl,conftest -o conftest 2\>\&1 \| /usr/bin/grep  -lc  \>/dev/null 2\>\&1
configure:11508: $? = 0
configure:11522: result: no
configure:11682: checking dynamic linker characteristics
configure:12264: gcc -o conftest -g -O2   -Wl,-rpath -Wl,/foo conftest.c  >&5
configure:12264: $? = 0
configure:12515: result: GNU/Linux ld.so
configure:12637: checking how to hardcode library paths into programs
configure:12662: result: immediate
configure:12764: checking for shl_load
configure:12764: gcc -o conftest -g -O2   conftest.c  >&5
/usr/bin/ld: /tmp/cc657k4P.o: in function `main':
/home/nullachtfuenfzehn/Projects/librarys/C/buffer/tools/cpputest/conftest.c:50: undefined reference to `shl_load'
collect2: error: ld returned 1 exit status
configure:12764: $? = 1
configure: failed program was:
| /* confdefs.h */
| #define PACKAGE_NAME "CppUTest"
| #define PACKAGE_TARNAME "cpputest"
| #define PACKAGE_VERSION "4.0"
| #define PACKAGE_STRING "CppUTest 4.0"
| #define PACKAGE_BUGREPORT "https://github.com/cpputest/cpputest"
| #define PACKAGE_URL ""
| #define PACKAGE "cpputest"
| #define VERSION "4.0"
| #define HAVE_STDIO_H 1
| #define HAVE_STDLIB_H 1
| #define HAVE_STRING_H 1
| #define HAVE_INTTYPES_H 1
| #define HAVE_STDINT_H 1
| #define HAVE_STRINGS_H 1
| #define HAVE_SYS_STAT_H 1
| #define HAVE_SYS_TYPES_H 1
| #define HAVE_UNISTD_H 1
| #define STDC_HEADERS 1
| #define HAVE_DLFCN_H 1
| #define LT_OBJDIR ".libs/"
| /* end confdefs.h.  */
| /* Define shl_load to an innocuous variant, in case <limits.h> declares shl_load.
|    For example, HP-UX 11i <limits.h> declares gettimeofday.  */
| #define shl_load innocuous_shl_load
| 
| /* System header to define __stub macros and hopefully few prototypes,
|    which can conflict with char shl_load (); below.  */
| 
| #include <limits.h>
| #undef shl_load
| 
| /* Override any GCC internal prototype to avoid an error.
|    Use char because int might match the return type of a GCC
|    builtin and then its argument prototype would still apply.  */
| #ifdef __cplusplus
| extern "C"
| #endif
| char shl_load ();
| /* The GNU C library defines this for functions which it implements
|     to always fail with ENOSYS.  Some functions are actually named
|     something starting with __ and the normal name is an alias.  */
| #if defined __stub_shl_load || defined __stub___shl_load
| choke me
| #endif
| 
| int
| main (void)
| {
| return shl_load ();
|   ;
|   return 0;
| }
configure:12764: result: no
configure:12769: checking for shl_load in -ldld
configure:12792: gcc -o conftest -g -O2   conftest.c -ldld   >&5
/usr/bin/ld: cannot find -ldld: No such file or directory
collect2: error: ld returned 1 exit status
configure:12792: $? = 1
configure: failed program was:
| /* confdefs.h */
| #define PACKAGE_NAME "CppUTest"
| #define PACKAGE_TARNAME "cpputest"
| #define PACKAGE_VERSION "4.0"
| #define PACKAGE_STRING "CppUTest 4.0"
| #define PACKAGE_BUGREPORT "https://github.com/cpputest/cpputest"
| #define PACKAGE_URL ""
| #define PACKAGE "cpputest"
| #define VERSION "4.0"
| #define HAVE_STDIO_H 1
| #define HAVE_STDLIB_H 1
| #define HAVE_STRING_H 1
| #define HAVE_INTTYPES_H 1
| #define HAVE_STDINT_H 1
| #define HAVE_STRINGS_H 1
| #define HAVE_SYS_STAT_H 1
| #define HAVE_SYS_TYPES_H 1
| #define HAVE_UNISTD_H 1
| #define STDC_HEADERS 1
| #define HAVE_DLFCN_H 1
| #define LT_OBJDIR ".libs/"
| /* end confdefs.h.  */
| 
| /* Override any GCC internal prototype to avoid an error.
|    Use char because int might match the return type of a GCC
|    builtin and then its argument prototype would still apply.  */
| char shl_load ();
| int
| main (void)
| {
| return shl_load ();
|   ;
|   return 0;
| }
configure:12802: result: no
configure:12808: checking for dlopen
configure:12808: gcc -o conftest -g -O2   conftest.c  >&5
configure:12808: $? = 0
configure:12808: result: yes
configure:12966: checking whether a program can dlopen itself
configure:13047: gcc -o conftest -g -O2  -DHAVE_DLFCN_H  -Wl,--export-dynamic conftest.c   >&5
configure:13050: $? = 0
configure:13068: result: yes
configure:13073: checking whether a statically linked program can dlopen itself
configure:13154: gcc -o conftest -g -O2  -DHAVE_DLFCN_H  -Wl,--export-dynamic -static conftest.c   >&5
/usr/bin/ld: /tmp/ccWUSSd0.o: in function `main':
/home/nullachtfuenfzehn/Projects/librarys/C/buffer/tools/cpputest/configure:13133: warning: Using 'dlopen' in statically linked applications requires at runtime the shared libraries from the glibc version used for linking
configure:13157: $? = 0
conftest: undefined symbol: _fnord
configure:13175: result: no
configure:13214: checking whether stripping libraries is possible
configure:13219: result: yes
configure:13254: checking if libtool supports shared libraries
configure:13256: result: yes
configure:13259: checking whether to build shared libraries
configure:13284: result: yes
configure:13287: checking whether to build static libraries
configure:13291: result: yes
configure:13396: checking for gcc
configure:13428: result: gcc
configure:13781: checking for C compiler version
configure:13790: gcc --version >&5
gcc (Ubuntu 11.3.0-1ubuntu1~22.04) 11.3.0
Copyright (C) 2021 Free Software Foundation, Inc.
This is free software; see the source for copying conditions.  There is NO
warranty; not even for MERCHANTABILITY or FITNESS FOR A PARTICULAR PURPOSE.

configure:13801: $? = 0
configure:13790: gcc -v >&5
Using built-in specs.
COLLECT_GCC=gcc
COLLECT_LTO_WRAPPER=/usr/lib/gcc/x86_64-linux-gnu/11/lto-wrapper
OFFLOAD_TARGET_NAMES=nvptx-none:amdgcn-amdhsa
OFFLOAD_TARGET_DEFAULT=1
Target: x86_64-linux-gnu
Configured with: ../src/configure -v --with-pkgversion='Ubuntu 11.3.0-1ubuntu1~22.04' --with-bugurl=file:///usr/share/doc/gcc-11/README.Bugs --enable-languages=c,ada,c++,go,brig,d,fortran,objc,obj-c++,m2 --prefix=/usr --with-gcc-major-version-only --program-suffix=-11 --program-prefix=x86_64-linux-gnu- --enable-shared --enable-linker-build-id --libexecdir=/usr/lib --without-included-gettext --enable-threads=posix --libdir=/usr/lib --enable-nls --enable-bootstrap --enable-clocale=gnu --enable-libstdcxx-debug --enable-libstdcxx-time=yes --with-default-libstdcxx-abi=new --enable-gnu-unique-object --disable-vtable-verify --enable-plugin --enable-default-pie --with-system-zlib --enable-libphobos-checking=release --with-target-system-zlib=auto --enable-objc-gc=auto --enable-multiarch --disable-werror --enable-cet --with-arch-32=i686 --with-abi=m64 --with-multilib-list=m32,m64,mx32 --enable-multilib --with-tune=generic --enable-offload-targets=nvptx-none=/build/gcc-11-xKiWfi/gcc-11-11.3.0/debian/tmp-nvptx/usr,amdgcn-amdhsa=/build/gcc-11-xKiWfi/gcc-11-11.3.0/debian/tmp-gcn/usr --without-cuda-driver --enable-checking=release --build=x86_64-linux-gnu --host=x86_64-linux-gnu --target=x86_64-linux-gnu --with-build-config=bootstrap-lto-lean --enable-link-serialization=2
Thread model: posix
Supported LTO compression algorithms: zlib zstd
gcc version 11.3.0 (Ubuntu 11.3.0-1ubuntu1~22.04) 
... rest of stderr output deleted ...
configure:13801: $? = 0
configure:13790: gcc -V >&5
gcc: error: unrecognized command-line option '-V'
gcc: fatal error: no input files
compilation terminated.
configure:13801: $? = 1
configure:13790: gcc -qversion >&5
gcc: error: unrecognized command-line option '-qversion'; did you mean '--version'?
gcc: fatal error: no input files
compilation terminated.
configure:13801: $? = 1
configure:13790: gcc -version >&5
gcc: error: unrecognized command-line option '-version'
gcc: fatal error: no input files
compilation terminated.
configure:13801: $? = 1
configure:13805: checking whether the compiler supports GNU C
configure:13835: result: yes
configure:13846: checking whether gcc accepts -g
configure:13911: result: yes
configure:13931: checking for gcc option to enable C11 features
configure:13964: result: none needed
configure:14080: checking whether gcc understands -c and -o together
configure:14118: result: yes
configure:14137: checking dependency style of gcc
configure:14249: result: gcc3
configure:14269: checking how to run the C preprocessor
configure:14295: gcc -E  conftest.c
configure:14295: $? = 0
configure:14310: gcc -E  conftest.c
conftest.c:23:10: fatal error: ac_nonexistent.h: No such file or directory
   23 | #include <ac_nonexistent.h>
      |          ^~~~~~~~~~~~~~~~~~
compilation terminated.
configure:14310: $? = 1
configure: failed program was:
| /* confdefs.h */
| #define PACKAGE_NAME "CppUTest"
| #define PACKAGE_TARNAME "cpputest"
| #define PACKAGE_VERSION "4.0"
| #define PACKAGE_STRING "CppUTest 4.0"
| #define PACKAGE_BUGREPORT "https://github.com/cpputest/cpputest"
| #define PACKAGE_URL ""
| #define PACKAGE "cpputest"
| #define VERSION "4.0"
| #define HAVE_STDIO_H 1
| #define HAVE_STDLIB_H 1
| #define HAVE_STRING_H 1
| #define HAVE_INTTYPES_H 1
| #define HAVE_STDINT_H 1
| #define HAVE_STRINGS_H 1
| #define HAVE_SYS_STAT_H 1
| #define HAVE_SYS_TYPES_H 1
| #define HAVE_UNISTD_H 1
| #define STDC_HEADERS 1
| #define HAVE_DLFCN_H 1
| #define LT_OBJDIR ".libs/"
| /* end confdefs.h.  */
| #include <ac_nonexistent.h>
configure:14337: result: gcc -E
configure:14351: gcc -E  conftest.c
configure:14351: $? = 0
configure:14366: gcc -E  conftest.c
conftest.c:23:10: fatal error: ac_nonexistent.h: No such file or directory
   23 | #include <ac_nonexistent.h>
      |          ^~~~~~~~~~~~~~~~~~
compilation terminated.
configure:14366: $? = 1
configure: failed program was:
| /* confdefs.h */
| #define PACKAGE_NAME "CppUTest"
| #define PACKAGE_TARNAME "cpputest"
| #define PACKAGE_VERSION "4.0"
| #define PACKAGE_STRING "CppUTest 4.0"
| #define PACKAGE_BUGREPORT "https://github.com/cpputest/cpputest"
| #define PACKAGE_URL ""
| #define PACKAGE "cpputest"
| #define VERSION "4.0"
| #define HAVE_STDIO_H 1
| #define HAVE_STDLIB_H 1
| #define HAVE_STRING_H 1
| #define HAVE_INTTYPES_H 1
| #define HAVE_STDINT_H 1
| #define HAVE_STRINGS_H 1
| #define HAVE_SYS_STAT_H 1
| #define HAVE_SYS_TYPES_H 1
| #define HAVE_UNISTD_H 1
| #define STDC_HEADERS 1
| #define HAVE_DLFCN_H 1
| #define LT_OBJDIR ".libs/"
| /* end confdefs.h.  */
| #include <ac_nonexistent.h>
configure:14465: checking for g++
configure:14486: found /usr/bin/g++
configure:14497: result: g++
configure:14524: checking for C++ compiler version
configure:14533: g++ --version >&5
g++ (Ubuntu 11.3.0-1ubuntu1~22.04) 11.3.0
Copyright (C) 2021 Free Software Foundation, Inc.
This is free software; see the source for copying conditions.  There is NO
warranty; not even for MERCHANTABILITY or FITNESS FOR A PARTICULAR PURPOSE.

configure:14544: $? = 0
configure:14533: g++ -v >&5
Using built-in specs.
COLLECT_GCC=g++
COLLECT_LTO_WRAPPER=/usr/lib/gcc/x86_64-linux-gnu/11/lto-wrapper
OFFLOAD_TARGET_NAMES=nvptx-none:amdgcn-amdhsa
OFFLOAD_TARGET_DEFAULT=1
Target: x86_64-linux-gnu
Configured with: ../src/configure -v --with-pkgversion='Ubuntu 11.3.0-1ubuntu1~22.04' --with-bugurl=file:///usr/share/doc/gcc-11/README.Bugs --enable-languages=c,ada,c++,go,brig,d,fortran,objc,obj-c++,m2 --prefix=/usr --with-gcc-major-version-only --program-suffix=-11 --program-prefix=x86_64-linux-gnu- --enable-shared --enable-linker-build-id --libexecdir=/usr/lib --without-included-gettext --enable-threads=posix --libdir=/usr/lib --enable-nls --enable-bootstrap --enable-clocale=gnu --enable-libstdcxx-debug --enable-libstdcxx-time=yes --with-default-libstdcxx-abi=new --enable-gnu-unique-object --disable-vtable-verify --enable-plugin --enable-default-pie --with-system-zlib --enable-libphobos-checking=release --with-target-system-zlib=auto --enable-objc-gc=auto --enable-multiarch --disable-werror --enable-cet --with-arch-32=i686 --with-abi=m64 --with-multilib-list=m32,m64,mx32 --enable-multilib --with-tune=generic --enable-offload-targets=nvptx-none=/build/gcc-11-xKiWfi/gcc-11-11.3.0/debian/tmp-nvptx/usr,amdgcn-amdhsa=/build/gcc-11-xKiWfi/gcc-11-11.3.0/debian/tmp-gcn/usr --without-cuda-driver --enable-checking=release --build=x86_64-linux-gnu --host=x86_64-linux-gnu --target=x86_64-linux-gnu --with-build-config=bootstrap-lto-lean --enable-link-serialization=2
Thread model: posix
Supported LTO compression algorithms: zlib zstd
gcc version 11.3.0 (Ubuntu 11.3.0-1ubuntu1~22.04) 
... rest of stderr output deleted ...
configure:14544: $? = 0
configure:14533: g++ -V >&5
g++: error: unrecognized command-line option '-V'
g++: fatal error: no input files
compilation terminated.
configure:14544: $? = 1
configure:14533: g++ -qversion >&5
g++: error: unrecognized command-line option '-qversion'; did you mean '--version'?
g++: fatal error: no input files
compilation terminated.
configure:14544: $? = 1
configure:14548: checking whether the compiler supports GNU C++
configure:14568: g++ -c   conftest.cpp >&5
configure:14568: $? = 0
configure:14578: result: yes
configure:14589: checking whether g++ accepts -g
configure:14610: g++ -c -g  conftest.cpp >&5
configure:14610: $? = 0
configure:14654: result: yes
configure:14674: checking for g++ option to enable C++11 features
configure:14689: g++  -c -g -O2  conftest.cpp >&5
conftest.cpp: In function 'int main(int, char**)':
conftest.cpp:189:25: warning: empty parentheses were disambiguated as a function declaration [-Wvexing-parse]
  189 |   cxx11test::delegate d2();
      |                         ^~
conftest.cpp:189:25: note: remove parentheses to default-initialize a variable
  189 |   cxx11test::delegate d2();
      |                         ^~
      |                         --
conftest.cpp:189:25: note: or replace parentheses with braces to value-initialize a variable
configure:14689: $? = 0
configure:14707: result: none needed
configure:14773: checking dependency style of g++
configure:14885: result: gcc3
configure:14918: checking how to run the C++ preprocessor
configure:14940: g++ -E  conftest.cpp
configure:14940: $? = 0
configure:14955: g++ -E  conftest.cpp
conftest.cpp:23:10: fatal error: ac_nonexistent.h: No such file or directory
   23 | #include <ac_nonexistent.h>
      |          ^~~~~~~~~~~~~~~~~~
compilation terminated.
configure:14955: $? = 1
configure: failed program was:
| /* confdefs.h */
| #define PACKAGE_NAME "CppUTest"
| #define PACKAGE_TARNAME "cpputest"
| #define PACKAGE_VERSION "4.0"
| #define PACKAGE_STRING "CppUTest 4.0"
| #define PACKAGE_BUGREPORT "https://github.com/cpputest/cpputest"
| #define PACKAGE_URL ""
| #define PACKAGE "cpputest"
| #define VERSION "4.0"
| #define HAVE_STDIO_H 1
| #define HAVE_STDLIB_H 1
| #define HAVE_STRING_H 1
| #define HAVE_INTTYPES_H 1
| #define HAVE_STDINT_H 1
| #define HAVE_STRINGS_H 1
| #define HAVE_SYS_STAT_H 1
| #define HAVE_SYS_TYPES_H 1
| #define HAVE_UNISTD_H 1
| #define STDC_HEADERS 1
| #define HAVE_DLFCN_H 1
| #define LT_OBJDIR ".libs/"
| /* end confdefs.h.  */
| #include <ac_nonexistent.h>
configure:14982: result: g++ -E
configure:14996: g++ -E  conftest.cpp
configure:14996: $? = 0
configure:15011: g++ -E  conftest.cpp
conftest.cpp:23:10: fatal error: ac_nonexistent.h: No such file or directory
   23 | #include <ac_nonexistent.h>
      |          ^~~~~~~~~~~~~~~~~~
compilation terminated.
configure:15011: $? = 1
configure: failed program was:
| /* confdefs.h */
| #define PACKAGE_NAME "CppUTest"
| #define PACKAGE_TARNAME "cpputest"
| #define PACKAGE_VERSION "4.0"
| #define PACKAGE_STRING "CppUTest 4.0"
| #define PACKAGE_BUGREPORT "https://github.com/cpputest/cpputest"
| #define PACKAGE_URL ""
| #define PACKAGE "cpputest"
| #define VERSION "4.0"
| #define HAVE_STDIO_H 1
| #define HAVE_STDLIB_H 1
| #define HAVE_STRING_H 1
| #define HAVE_INTTYPES_H 1
| #define HAVE_STDINT_H 1
| #define HAVE_STRINGS_H 1
| #define HAVE_SYS_STAT_H 1
| #define HAVE_SYS_TYPES_H 1
| #define HAVE_UNISTD_H 1
| #define STDC_HEADERS 1
| #define HAVE_DLFCN_H 1
| #define LT_OBJDIR ".libs/"
| /* end confdefs.h.  */
| #include <ac_nonexistent.h>
configure:15176: checking for ld used by g++
configure:15244: result: /usr/bin/ld -m elf_x86_64
configure:15251: checking if the linker (/usr/bin/ld -m elf_x86_64) is GNU ld
configure:15267: result: yes
configure:15322: checking whether the g++ linker (/usr/bin/ld -m elf_x86_64) supports shared libraries
configure:16399: result: yes
configure:16435: g++ -c -g -O2  conftest.cpp >&5
configure:16438: $? = 0
configure:16919: checking for g++ option to produce PIC
configure:16927: result: -fPIC -DPIC
configure:16935: checking if g++ PIC flag -fPIC -DPIC works
configure:16954: g++ -c -g -O2  -fPIC -DPIC -DPIC conftest.cpp >&5
configure:16958: $? = 0
configure:16971: result: yes
configure:16994: checking if g++ static flag -static works
configure:17023: result: yes
configure:17035: checking if g++ supports -c -o file.o
configure:17057: g++ -c -g -O2  -o out/conftest2.o conftest.cpp >&5
configure:17061: $? = 0
configure:17083: result: yes
configure:17088: checking if g++ supports -c -o file.o
configure:17136: result: yes
configure:17166: checking whether the g++ linker (/usr/bin/ld -m elf_x86_64) supports shared libraries
configure:17209: result: yes
configure:17351: checking dynamic linker characteristics
configure:18111: result: GNU/Linux ld.so
configure:18176: checking how to hardcode library paths into programs
configure:18201: result: immediate
configure:18241: checking whether ln -s works
configure:18245: result: yes
configure:18252: checking whether make sets $(MAKE)
configure:18275: result: yes
configure:18297: checking whether make supports nested variables
configure:18315: result: yes
configure:18495: checking for the pthreads library -lpthreads
configure:18528: gcc -o conftest -g -O2    conftest.c -lpthreads  >&5
conftest.c: In function 'main':
conftest.c:28:22: warning: argument 1 null where non-null expected [-Wnonnull]
   28 |                      pthread_attr_init(0); pthread_cleanup_push(0, 0);
      |                      ^~~~~~~~~~~~~~~~~
In file included from conftest.c:23:
/usr/include/pthread.h:285:12: note: in a call to function 'pthread_attr_init' declared 'nonnull'
  285 | extern int pthread_attr_init (pthread_attr_t *__attr) __THROW __nonnull ((1));
      |            ^~~~~~~~~~~~~~~~~
conftest.c:29:22: warning: argument 1 null where non-null expected [-Wnonnull]
   29 |                      pthread_create(0,0,0,0); pthread_cleanup_pop(0);
      |                      ^~~~~~~~~~~~~~
In file included from conftest.c:23:
/usr/include/pthread.h:202:12: note: in a call to function 'pthread_create' declared 'nonnull'
  202 | extern int pthread_create (pthread_t *__restrict __newthread,
      |            ^~~~~~~~~~~~~~
conftest.c:29:22: warning: argument 3 null where non-null expected [-Wnonnull]
   29 |                      pthread_create(0,0,0,0); pthread_cleanup_pop(0);
      |                      ^~~~~~~~~~~~~~
In file included from conftest.c:23:
/usr/include/pthread.h:202:12: note: in a call to function 'pthread_create' declared 'nonnull'
  202 | extern int pthread_create (pthread_t *__restrict __newthread,
      |            ^~~~~~~~~~~~~~
/usr/bin/ld: cannot find -lpthreads: No such file or directory
collect2: error: ld returned 1 exit status
configure:18528: $? = 1
configure: failed program was:
| /* confdefs.h */
| #define PACKAGE_NAME "CppUTest"
| #define PACKAGE_TARNAME "cpputest"
| #define PACKAGE_VERSION "4.0"
| #define PACKAGE_STRING "CppUTest 4.0"
| #define PACKAGE_BUGREPORT "https://github.com/cpputest/cpputest"
| #define PACKAGE_URL ""
| #define PACKAGE "cpputest"
| #define VERSION "4.0"
| #define HAVE_STDIO_H 1
| #define HAVE_STDLIB_H 1
| #define HAVE_STRING_H 1
| #define HAVE_INTTYPES_H 1
| #define HAVE_STDINT_H 1
| #define HAVE_STRINGS_H 1
| #define HAVE_SYS_STAT_H 1
| #define HAVE_SYS_TYPES_H 1
| #define HAVE_UNISTD_H 1
| #define STDC_HEADERS 1
| #define HAVE_DLFCN_H 1
| #define LT_OBJDIR ".libs/"
| /* end confdefs.h.  */
| #include <pthread.h>
| int
| main (void)
| {
| pthread_t th; pthread_join(th, 0);
|                      pthread_attr_init(0); pthread_cleanup_push(0, 0);
|                      pthread_create(0,0,0,0); pthread_cleanup_pop(0);
|   ;
|   return 0;
| }
configure:18538: result: no
configure:18435: checking whether pthreads work without any flags
configure:18528: gcc -o conftest -g -O2    conftest.c   >&5
conftest.c: In function 'main':
conftest.c:28:22: warning: argument 1 null where non-null expected [-Wnonnull]
   28 |                      pthread_attr_init(0); pthread_cleanup_push(0, 0);
      |                      ^~~~~~~~~~~~~~~~~
In file included from conftest.c:23:
/usr/include/pthread.h:285:12: note: in a call to function 'pthread_attr_init' declared 'nonnull'
  285 | extern int pthread_attr_init (pthread_attr_t *__attr) __THROW __nonnull ((1));
      |            ^~~~~~~~~~~~~~~~~
conftest.c:29:22: warning: argument 1 null where non-null expected [-Wnonnull]
   29 |                      pthread_create(0,0,0,0); pthread_cleanup_pop(0);
      |                      ^~~~~~~~~~~~~~
In file included from conftest.c:23:
/usr/include/pthread.h:202:12: note: in a call to function 'pthread_create' declared 'nonnull'
  202 | extern int pthread_create (pthread_t *__restrict __newthread,
      |            ^~~~~~~~~~~~~~
conftest.c:29:22: warning: argument 3 null where non-null expected [-Wnonnull]
   29 |                      pthread_create(0,0,0,0); pthread_cleanup_pop(0);
      |                      ^~~~~~~~~~~~~~
In file included from conftest.c:23:
/usr/include/pthread.h:202:12: note: in a call to function 'pthread_create' declared 'nonnull'
  202 | extern int pthread_create (pthread_t *__restrict __newthread,
      |            ^~~~~~~~~~~~~~
configure:18528: $? = 0
configure:18538: result: yes
configure:18557: checking for joinable pthread attribute
configure:18572: gcc -o conftest -g -O2    conftest.c   >&5
configure:18572: $? = 0
configure:18579: result: PTHREAD_CREATE_JOINABLE
configure:18587: checking if more special flags are required for pthreads
configure:18594: result: no
configure:18680: checking for C compiler vendor
configure:18738: gcc -c -g -O2  conftest.c >&5
conftest.c: In function 'main':
conftest.c:29:7: error: 'thisisanerror' undeclared (first use in this function)
   29 |       thisisanerror;
      |       ^~~~~~~~~~~~~
conftest.c:29:7: note: each undeclared identifier is reported only once for each function it appears in
configure:18738: $? = 1
configure: failed program was:
| /* confdefs.h */
| #define PACKAGE_NAME "CppUTest"
| #define PACKAGE_TARNAME "cpputest"
| #define PACKAGE_VERSION "4.0"
| #define PACKAGE_STRING "CppUTest 4.0"
| #define PACKAGE_BUGREPORT "https://github.com/cpputest/cpputest"
| #define PACKAGE_URL ""
| #define PACKAGE "cpputest"
| #define VERSION "4.0"
| #define HAVE_STDIO_H 1
| #define HAVE_STDLIB_H 1
| #define HAVE_STRING_H 1
| #define HAVE_INTTYPES_H 1
| #define HAVE_STDINT_H 1
| #define HAVE_STRINGS_H 1
| #define HAVE_SYS_STAT_H 1
| #define HAVE_SYS_TYPES_H 1
| #define HAVE_UNISTD_H 1
| #define STDC_HEADERS 1
| #define HAVE_DLFCN_H 1
| #define LT_OBJDIR ".libs/"
| /* end confdefs.h.  */
| 
| int
| main (void)
| {
| 
| #if !(defined(__ICC) || defined(__ECC) || defined(__INTEL_COMPILER))
|       thisisanerror;
| #endif
| 
|   ;
|   return 0;
| }
configure:18738: gcc -c -g -O2  conftest.c >&5
conftest.c: In function 'main':
conftest.c:29:7: error: 'thisisanerror' undeclared (first use in this function)
   29 |       thisisanerror;
      |       ^~~~~~~~~~~~~
conftest.c:29:7: note: each undeclared identifier is reported only once for each function it appears in
configure:18738: $? = 1
configure: failed program was:
| /* confdefs.h */
| #define PACKAGE_NAME "CppUTest"
| #define PACKAGE_TARNAME "cpputest"
| #define PACKAGE_VERSION "4.0"
| #define PACKAGE_STRING "CppUTest 4.0"
| #define PACKAGE_BUGREPORT "https://github.com/cpputest/cpputest"
| #define PACKAGE_URL ""
| #define PACKAGE "cpputest"
| #define VERSION "4.0"
| #define HAVE_STDIO_H 1
| #define HAVE_STDLIB_H 1
| #define HAVE_STRING_H 1
| #define HAVE_INTTYPES_H 1
| #define HAVE_STDINT_H 1
| #define HAVE_STRINGS_H 1
| #define HAVE_SYS_STAT_H 1
| #define HAVE_SYS_TYPES_H 1
| #define HAVE_UNISTD_H 1
| #define STDC_HEADERS 1
| #define HAVE_DLFCN_H 1
| #define LT_OBJDIR ".libs/"
| /* end confdefs.h.  */
| 
| int
| main (void)
| {
| 
| #if !(defined(__xlc__) || defined(__xlC__) || defined(__IBMC__) || defined(__IBMCPP__) || defined(__ibmxl__))
|       thisisanerror;
| #endif
| 
|   ;
|   return 0;
| }
configure:18738: gcc -c -g -O2  conftest.c >&5
conftest.c: In function 'main':
conftest.c:29:7: error: 'thisisanerror' undeclared (first use in this function)
   29 |       thisisanerror;
      |       ^~~~~~~~~~~~~
conftest.c:29:7: note: each undeclared identifier is reported only once for each function it appears in
configure:18738: $? = 1
configure: failed program was:
| /* confdefs.h */
| #define PACKAGE_NAME "CppUTest"
| #define PACKAGE_TARNAME "cpputest"
| #define PACKAGE_VERSION "4.0"
| #define PACKAGE_STRING "CppUTest 4.0"
| #define PACKAGE_BUGREPORT "https://github.com/cpputest/cpputest"
| #define PACKAGE_URL ""
| #define PACKAGE "cpputest"
| #define VERSION "4.0"
| #define HAVE_STDIO_H 1
| #define HAVE_STDLIB_H 1
| #define HAVE_STRING_H 1
| #define HAVE_INTTYPES_H 1
| #define HAVE_STDINT_H 1
| #define HAVE_STRINGS_H 1
| #define HAVE_SYS_STAT_H 1
| #define HAVE_SYS_TYPES_H 1
| #define HAVE_UNISTD_H 1
| #define STDC_HEADERS 1
| #define HAVE_DLFCN_H 1
| #define LT_OBJDIR ".libs/"
| /* end confdefs.h.  */
| 
| int
| main (void)
| {
| 
| #if !(defined(__PATHCC__) || defined(__PATHSCALE__))
|       thisisanerror;
| #endif
| 
|   ;
|   return 0;
| }
configure:18738: gcc -c -g -O2  conftest.c >&5
conftest.c: In function 'main':
conftest.c:29:7: error: 'thisisanerror' undeclared (first use in this function)
   29 |       thisisanerror;
      |       ^~~~~~~~~~~~~
conftest.c:29:7: note: each undeclared identifier is reported only once for each function it appears in
configure:18738: $? = 1
configure: failed program was:
| /* confdefs.h */
| #define PACKAGE_NAME "CppUTest"
| #define PACKAGE_TARNAME "cpputest"
| #define PACKAGE_VERSION "4.0"
| #define PACKAGE_STRING "CppUTest 4.0"
| #define PACKAGE_BUGREPORT "https://github.com/cpputest/cpputest"
| #define PACKAGE_URL ""
| #define PACKAGE "cpputest"
| #define VERSION "4.0"
| #define HAVE_STDIO_H 1
| #define HAVE_STDLIB_H 1
| #define HAVE_STRING_H 1
| #define HAVE_INTTYPES_H 1
| #define HAVE_STDINT_H 1
| #define HAVE_STRINGS_H 1
| #define HAVE_SYS_STAT_H 1
| #define HAVE_SYS_TYPES_H 1
| #define HAVE_UNISTD_H 1
| #define STDC_HEADERS 1
| #define HAVE_DLFCN_H 1
| #define LT_OBJDIR ".libs/"
| /* end confdefs.h.  */
| 
| int
| main (void)
| {
| 
| #if !(defined(__clang__))
|       thisisanerror;
| #endif
| 
|   ;
|   return 0;
| }
configure:18738: gcc -c -g -O2  conftest.c >&5
conftest.c: In function 'main':
conftest.c:29:7: error: 'thisisanerror' undeclared (first use in this function)
   29 |       thisisanerror;
      |       ^~~~~~~~~~~~~
conftest.c:29:7: note: each undeclared identifier is reported only once for each function it appears in
configure:18738: $? = 1
configure: failed program was:
| /* confdefs.h */
| #define PACKAGE_NAME "CppUTest"
| #define PACKAGE_TARNAME "cpputest"
| #define PACKAGE_VERSION "4.0"
| #define PACKAGE_STRING "CppUTest 4.0"
| #define PACKAGE_BUGREPORT "https://github.com/cpputest/cpputest"
| #define PACKAGE_URL ""
| #define PACKAGE "cpputest"
| #define VERSION "4.0"
| #define HAVE_STDIO_H 1
| #define HAVE_STDLIB_H 1
| #define HAVE_STRING_H 1
| #define HAVE_INTTYPES_H 1
| #define HAVE_STDINT_H 1
| #define HAVE_STRINGS_H 1
| #define HAVE_SYS_STAT_H 1
| #define HAVE_SYS_TYPES_H 1
| #define HAVE_UNISTD_H 1
| #define STDC_HEADERS 1
| #define HAVE_DLFCN_H 1
| #define LT_OBJDIR ".libs/"
| /* end confdefs.h.  */
| 
| int
| main (void)
| {
| 
| #if !(defined(_CRAYC))
|       thisisanerror;
| #endif
| 
|   ;
|   return 0;
| }
configure:18738: gcc -c -g -O2  conftest.c >&5
conftest.c: In function 'main':
conftest.c:29:7: error: 'thisisanerror' undeclared (first use in this function)
   29 |       thisisanerror;
      |       ^~~~~~~~~~~~~
conftest.c:29:7: note: each undeclared identifier is reported only once for each function it appears in
configure:18738: $? = 1
configure: failed program was:
| /* confdefs.h */
| #define PACKAGE_NAME "CppUTest"
| #define PACKAGE_TARNAME "cpputest"
| #define PACKAGE_VERSION "4.0"
| #define PACKAGE_STRING "CppUTest 4.0"
| #define PACKAGE_BUGREPORT "https://github.com/cpputest/cpputest"
| #define PACKAGE_URL ""
| #define PACKAGE "cpputest"
| #define VERSION "4.0"
| #define HAVE_STDIO_H 1
| #define HAVE_STDLIB_H 1
| #define HAVE_STRING_H 1
| #define HAVE_INTTYPES_H 1
| #define HAVE_STDINT_H 1
| #define HAVE_STRINGS_H 1
| #define HAVE_SYS_STAT_H 1
| #define HAVE_SYS_TYPES_H 1
| #define HAVE_UNISTD_H 1
| #define STDC_HEADERS 1
| #define HAVE_DLFCN_H 1
| #define LT_OBJDIR ".libs/"
| /* end confdefs.h.  */
| 
| int
| main (void)
| {
| 
| #if !(defined(__FUJITSU))
|       thisisanerror;
| #endif
| 
|   ;
|   return 0;
| }
configure:18738: gcc -c -g -O2  conftest.c >&5
conftest.c: In function 'main':
conftest.c:29:7: error: 'thisisanerror' undeclared (first use in this function)
   29 |       thisisanerror;
      |       ^~~~~~~~~~~~~
conftest.c:29:7: note: each undeclared identifier is reported only once for each function it appears in
configure:18738: $? = 1
configure: failed program was:
| /* confdefs.h */
| #define PACKAGE_NAME "CppUTest"
| #define PACKAGE_TARNAME "cpputest"
| #define PACKAGE_VERSION "4.0"
| #define PACKAGE_STRING "CppUTest 4.0"
| #define PACKAGE_BUGREPORT "https://github.com/cpputest/cpputest"
| #define PACKAGE_URL ""
| #define PACKAGE "cpputest"
| #define VERSION "4.0"
| #define HAVE_STDIO_H 1
| #define HAVE_STDLIB_H 1
| #define HAVE_STRING_H 1
| #define HAVE_INTTYPES_H 1
| #define HAVE_STDINT_H 1
| #define HAVE_STRINGS_H 1
| #define HAVE_SYS_STAT_H 1
| #define HAVE_SYS_TYPES_H 1
| #define HAVE_UNISTD_H 1
| #define STDC_HEADERS 1
| #define HAVE_DLFCN_H 1
| #define LT_OBJDIR ".libs/"
| /* end confdefs.h.  */
| 
| int
| main (void)
| {
| 
| #if !(defined(SDCC) || defined(__SDCC))
|       thisisanerror;
| #endif
| 
|   ;
|   return 0;
| }
configure:18738: gcc -c -g -O2  conftest.c >&5
conftest.c: In function 'main':
conftest.c:29:7: error: 'thisisanerror' undeclared (first use in this function)
   29 |       thisisanerror;
      |       ^~~~~~~~~~~~~
conftest.c:29:7: note: each undeclared identifier is reported only once for each function it appears in
configure:18738: $? = 1
configure: failed program was:
| /* confdefs.h */
| #define PACKAGE_NAME "CppUTest"
| #define PACKAGE_TARNAME "cpputest"
| #define PACKAGE_VERSION "4.0"
| #define PACKAGE_STRING "CppUTest 4.0"
| #define PACKAGE_BUGREPORT "https://github.com/cpputest/cpputest"
| #define PACKAGE_URL ""
| #define PACKAGE "cpputest"
| #define VERSION "4.0"
| #define HAVE_STDIO_H 1
| #define HAVE_STDLIB_H 1
| #define HAVE_STRING_H 1
| #define HAVE_INTTYPES_H 1
| #define HAVE_STDINT_H 1
| #define HAVE_STRINGS_H 1
| #define HAVE_SYS_STAT_H 1
| #define HAVE_SYS_TYPES_H 1
| #define HAVE_UNISTD_H 1
| #define STDC_HEADERS 1
| #define HAVE_DLFCN_H 1
| #define LT_OBJDIR ".libs/"
| /* end confdefs.h.  */
| 
| int
| main (void)
| {
| 
| #if !(defined(_SX))
|       thisisanerror;
| #endif
| 
|   ;
|   return 0;
| }
configure:18738: gcc -c -g -O2  conftest.c >&5
conftest.c: In function 'main':
conftest.c:29:7: error: 'thisisanerror' undeclared (first use in this function)
   29 |       thisisanerror;
      |       ^~~~~~~~~~~~~
conftest.c:29:7: note: each undeclared identifier is reported only once for each function it appears in
configure:18738: $? = 1
configure: failed program was:
| /* confdefs.h */
| #define PACKAGE_NAME "CppUTest"
| #define PACKAGE_TARNAME "cpputest"
| #define PACKAGE_VERSION "4.0"
| #define PACKAGE_STRING "CppUTest 4.0"
| #define PACKAGE_BUGREPORT "https://github.com/cpputest/cpputest"
| #define PACKAGE_URL ""
| #define PACKAGE "cpputest"
| #define VERSION "4.0"
| #define HAVE_STDIO_H 1
| #define HAVE_STDLIB_H 1
| #define HAVE_STRING_H 1
| #define HAVE_INTTYPES_H 1
| #define HAVE_STDINT_H 1
| #define HAVE_STRINGS_H 1
| #define HAVE_SYS_STAT_H 1
| #define HAVE_SYS_TYPES_H 1
| #define HAVE_UNISTD_H 1
| #define STDC_HEADERS 1
| #define HAVE_DLFCN_H 1
| #define LT_OBJDIR ".libs/"
| /* end confdefs.h.  */
| 
| int
| main (void)
| {
| 
| #if !(defined(__PGI))
|       thisisanerror;
| #endif
| 
|   ;
|   return 0;
| }
configure:18738: gcc -c -g -O2  conftest.c >&5
configure:18738: $? = 0
configure:18748: result: gnu
configure:18753: checking for C compiler version
configure:18996: gcc -o conftest -g -O2   conftest.c   >&5
configure:18996: $? = 0
configure:18996: ./conftest
configure:18996: $? = 0
configure:19006: gcc -o conftest -g -O2   conftest.c   >&5
configure:19006: $? = 0
configure:19006: ./conftest
configure:19006: $? = 0
configure:19016: gcc -o conftest -g -O2   conftest.c   >&5
configure:19016: $? = 0
configure:19016: ./conftest
configure:19016: $? = 0
configure:19785: result: 11.3.0
configure:19794: checking if we can link -lpthread to work around a gcc bug (on MacOSX)
configure:19807: gcc -o conftest -g -O2   conftest.c -lpthread >&5
configure:19807: $? = 0
configure:19809: result: yes
configure:19819: checking for stddef.h
configure:19819: gcc -c -g -O2  conftest.c >&5
configure:19819: $? = 0
configure:19819: result: yes
configure:19825: checking for stdint.h
configure:19825: result: yes
configure:19831: checking for stdlib.h
configure:19831: result: yes
configure:19837: checking for string.h
configure:19837: result: yes
configure:19843: checking for sys/time.h
configure:19843: gcc -c -g -O2  conftest.c >&5
configure:19843: $? = 0
configure:19843: result: yes
configure:19849: checking for unistd.h
configure:19849: result: yes
configure:19857: checking for inline
configure:19874: gcc -c -g -O2  conftest.c >&5
configure:19874: $? = 0
configure:19883: result: inline
configure:19901: checking for int16_t
configure:19901: gcc -c -g -O2  conftest.c >&5
configure:19901: $? = 0
configure:19901: gcc -c -g -O2  conftest.c >&5
conftest.c: In function 'main':
conftest.c:61:12: error: size of array 'test_array' is negative
   61 | static int test_array [1 - 2 * !((int16_t) (((((int16_t) 1 << N) << N) - 1) * 2 + 1)
      |            ^~~~~~~~~~
configure:19901: $? = 1
configure: failed program was:
| /* confdefs.h */
| #define PACKAGE_NAME "CppUTest"
| #define PACKAGE_TARNAME "cpputest"
| #define PACKAGE_VERSION "4.0"
| #define PACKAGE_STRING "CppUTest 4.0"
| #define PACKAGE_BUGREPORT "https://github.com/cpputest/cpputest"
| #define PACKAGE_URL ""
| #define PACKAGE "cpputest"
| #define VERSION "4.0"
| #define HAVE_STDIO_H 1
| #define HAVE_STDLIB_H 1
| #define HAVE_STRING_H 1
| #define HAVE_INTTYPES_H 1
| #define HAVE_STDINT_H 1
| #define HAVE_STRINGS_H 1
| #define HAVE_SYS_STAT_H 1
| #define HAVE_SYS_TYPES_H 1
| #define HAVE_UNISTD_H 1
| #define STDC_HEADERS 1
| #define HAVE_DLFCN_H 1
| #define LT_OBJDIR ".libs/"
| #define HAVE_STDDEF_H 1
| #define HAVE_STDINT_H 1
| #define HAVE_STDLIB_H 1
| #define HAVE_STRING_H 1
| #define HAVE_SYS_TIME_H 1
| #define HAVE_UNISTD_H 1
| /* end confdefs.h.  */
| #include <stddef.h>
| #ifdef HAVE_STDIO_H
| # include <stdio.h>
| #endif
| #ifdef HAVE_STDLIB_H
| # include <stdlib.h>
| #endif
| #ifdef HAVE_STRING_H
| # include <string.h>
| #endif
| #ifdef HAVE_INTTYPES_H
| # include <inttypes.h>
| #endif
| #ifdef HAVE_STDINT_H
| # include <stdint.h>
| #endif
| #ifdef HAVE_STRINGS_H
| # include <strings.h>
| #endif
| #ifdef HAVE_SYS_TYPES_H
| # include <sys/types.h>
| #endif
| #ifdef HAVE_SYS_STAT_H
| # include <sys/stat.h>
| #endif
| #ifdef HAVE_UNISTD_H
| # include <unistd.h>
| #endif
| 	        enum { N = 16 / 2 - 1 };
| int
| main (void)
| {
| static int test_array [1 - 2 * !((int16_t) (((((int16_t) 1 << N) << N) - 1) * 2 + 1)
| 		 < (int16_t) (((((int16_t) 1 << N) << N) - 1) * 2 + 2))];
| test_array [0] = 0;
| return test_array [0];
| 
|   ;
|   return 0;
| }
configure:19901: result: yes
configure:19910: checking for int32_t
configure:19910: gcc -c -g -O2  conftest.c >&5
configure:19910: $? = 0
configure:19910: gcc -c -g -O2  conftest.c >&5
conftest.c: In function 'main':
conftest.c:62:67: warning: integer overflow in expression of type 'int' results in '-2147483648' [-Woverflow]
   62 |                  < (int32_t) (((((int32_t) 1 << N) << N) - 1) * 2 + 2))];
      |                                                                   ^
conftest.c:61:12: error: storage size of 'test_array' isn't constant
   61 | static int test_array [1 - 2 * !((int32_t) (((((int32_t) 1 << N) << N) - 1) * 2 + 1)
      |            ^~~~~~~~~~
configure:19910: $? = 1
configure: failed program was:
| /* confdefs.h */
| #define PACKAGE_NAME "CppUTest"
| #define PACKAGE_TARNAME "cpputest"
| #define PACKAGE_VERSION "4.0"
| #define PACKAGE_STRING "CppUTest 4.0"
| #define PACKAGE_BUGREPORT "https://github.com/cpputest/cpputest"
| #define PACKAGE_URL ""
| #define PACKAGE "cpputest"
| #define VERSION "4.0"
| #define HAVE_STDIO_H 1
| #define HAVE_STDLIB_H 1
| #define HAVE_STRING_H 1
| #define HAVE_INTTYPES_H 1
| #define HAVE_STDINT_H 1
| #define HAVE_STRINGS_H 1
| #define HAVE_SYS_STAT_H 1
| #define HAVE_SYS_TYPES_H 1
| #define HAVE_UNISTD_H 1
| #define STDC_HEADERS 1
| #define HAVE_DLFCN_H 1
| #define LT_OBJDIR ".libs/"
| #define HAVE_STDDEF_H 1
| #define HAVE_STDINT_H 1
| #define HAVE_STDLIB_H 1
| #define HAVE_STRING_H 1
| #define HAVE_SYS_TIME_H 1
| #define HAVE_UNISTD_H 1
| /* end confdefs.h.  */
| #include <stddef.h>
| #ifdef HAVE_STDIO_H
| # include <stdio.h>
| #endif
| #ifdef HAVE_STDLIB_H
| # include <stdlib.h>
| #endif
| #ifdef HAVE_STRING_H
| # include <string.h>
| #endif
| #ifdef HAVE_INTTYPES_H
| # include <inttypes.h>
| #endif
| #ifdef HAVE_STDINT_H
| # include <stdint.h>
| #endif
| #ifdef HAVE_STRINGS_H
| # include <strings.h>
| #endif
| #ifdef HAVE_SYS_TYPES_H
| # include <sys/types.h>
| #endif
| #ifdef HAVE_SYS_STAT_H
| # include <sys/stat.h>
| #endif
| #ifdef HAVE_UNISTD_H
| # include <unistd.h>
| #endif
| 	        enum { N = 32 / 2 - 1 };
| int
| main (void)
| {
| static int test_array [1 - 2 * !((int32_t) (((((int32_t) 1 << N) << N) - 1) * 2 + 1)
| 		 < (int32_t) (((((int32_t) 1 << N) << N) - 1) * 2 + 2))];
| test_array [0] = 0;
| return test_array [0];
| 
|   ;
|   return 0;
| }
configure:19910: result: yes
configure:19919: checking for int64_t
configure:19919: gcc -c -g -O2  conftest.c >&5
configure:19919: $? = 0
configure:19919: gcc -c -g -O2  conftest.c >&5
conftest.c: In function 'main':
conftest.c:62:67: warning: integer overflow in expression of type 'long int' results in '-9223372036854775808' [-Woverflow]
   62 |                  < (int64_t) (((((int64_t) 1 << N) << N) - 1) * 2 + 2))];
      |                                                                   ^
conftest.c:61:12: error: storage size of 'test_array' isn't constant
   61 | static int test_array [1 - 2 * !((int64_t) (((((int64_t) 1 << N) << N) - 1) * 2 + 1)
      |            ^~~~~~~~~~
configure:19919: $? = 1
configure: failed program was:
| /* confdefs.h */
| #define PACKAGE_NAME "CppUTest"
| #define PACKAGE_TARNAME "cpputest"
| #define PACKAGE_VERSION "4.0"
| #define PACKAGE_STRING "CppUTest 4.0"
| #define PACKAGE_BUGREPORT "https://github.com/cpputest/cpputest"
| #define PACKAGE_URL ""
| #define PACKAGE "cpputest"
| #define VERSION "4.0"
| #define HAVE_STDIO_H 1
| #define HAVE_STDLIB_H 1
| #define HAVE_STRING_H 1
| #define HAVE_INTTYPES_H 1
| #define HAVE_STDINT_H 1
| #define HAVE_STRINGS_H 1
| #define HAVE_SYS_STAT_H 1
| #define HAVE_SYS_TYPES_H 1
| #define HAVE_UNISTD_H 1
| #define STDC_HEADERS 1
| #define HAVE_DLFCN_H 1
| #define LT_OBJDIR ".libs/"
| #define HAVE_STDDEF_H 1
| #define HAVE_STDINT_H 1
| #define HAVE_STDLIB_H 1
| #define HAVE_STRING_H 1
| #define HAVE_SYS_TIME_H 1
| #define HAVE_UNISTD_H 1
| /* end confdefs.h.  */
| #include <stddef.h>
| #ifdef HAVE_STDIO_H
| # include <stdio.h>
| #endif
| #ifdef HAVE_STDLIB_H
| # include <stdlib.h>
| #endif
| #ifdef HAVE_STRING_H
| # include <string.h>
| #endif
| #ifdef HAVE_INTTYPES_H
| # include <inttypes.h>
| #endif
| #ifdef HAVE_STDINT_H
| # include <stdint.h>
| #endif
| #ifdef HAVE_STRINGS_H
| # include <strings.h>
| #endif
| #ifdef HAVE_SYS_TYPES_H
| # include <sys/types.h>
| #endif
| #ifdef HAVE_SYS_STAT_H
| # include <sys/stat.h>
| #endif
| #ifdef HAVE_UNISTD_H
| # include <unistd.h>
| #endif
| 	        enum { N = 64 / 2 - 1 };
| int
| main (void)
| {
| static int test_array [1 - 2 * !((int64_t) (((((int64_t) 1 << N) << N) - 1) * 2 + 1)
| 		 < (int64_t) (((((int64_t) 1 << N) << N) - 1) * 2 + 2))];
| test_array [0] = 0;
| return test_array [0];
| 
|   ;
|   return 0;
| }
configure:19919: result: yes
configure:19928: checking for int8_t
configure:19928: gcc -c -g -O2  conftest.c >&5
configure:19928: $? = 0
configure:19928: gcc -c -g -O2  conftest.c >&5
conftest.c: In function 'main':
conftest.c:61:12: error: size of array 'test_array' is negative
   61 | static int test_array [1 - 2 * !((int8_t) (((((int8_t) 1 << N) << N) - 1) * 2 + 1)
      |            ^~~~~~~~~~
configure:19928: $? = 1
configure: failed program was:
| /* confdefs.h */
| #define PACKAGE_NAME "CppUTest"
| #define PACKAGE_TARNAME "cpputest"
| #define PACKAGE_VERSION "4.0"
| #define PACKAGE_STRING "CppUTest 4.0"
| #define PACKAGE_BUGREPORT "https://github.com/cpputest/cpputest"
| #define PACKAGE_URL ""
| #define PACKAGE "cpputest"
| #define VERSION "4.0"
| #define HAVE_STDIO_H 1
| #define HAVE_STDLIB_H 1
| #define HAVE_STRING_H 1
| #define HAVE_INTTYPES_H 1
| #define HAVE_STDINT_H 1
| #define HAVE_STRINGS_H 1
| #define HAVE_SYS_STAT_H 1
| #define HAVE_SYS_TYPES_H 1
| #define HAVE_UNISTD_H 1
| #define STDC_HEADERS 1
| #define HAVE_DLFCN_H 1
| #define LT_OBJDIR ".libs/"
| #define HAVE_STDDEF_H 1
| #define HAVE_STDINT_H 1
| #define HAVE_STDLIB_H 1
| #define HAVE_STRING_H 1
| #define HAVE_SYS_TIME_H 1
| #define HAVE_UNISTD_H 1
| /* end confdefs.h.  */
| #include <stddef.h>
| #ifdef HAVE_STDIO_H
| # include <stdio.h>
| #endif
| #ifdef HAVE_STDLIB_H
| # include <stdlib.h>
| #endif
| #ifdef HAVE_STRING_H
| # include <string.h>
| #endif
| #ifdef HAVE_INTTYPES_H
| # include <inttypes.h>
| #endif
| #ifdef HAVE_STDINT_H
| # include <stdint.h>
| #endif
| #ifdef HAVE_STRINGS_H
| # include <strings.h>
| #endif
| #ifdef HAVE_SYS_TYPES_H
| # include <sys/types.h>
| #endif
| #ifdef HAVE_SYS_STAT_H
| # include <sys/stat.h>
| #endif
| #ifdef HAVE_UNISTD_H
| # include <unistd.h>
| #endif
| 	        enum { N = 8 / 2 - 1 };
| int
| main (void)
| {
| static int test_array [1 - 2 * !((int8_t) (((((int8_t) 1 << N) << N) - 1) * 2 + 1)
| 		 < (int8_t) (((((int8_t) 1 << N) << N) - 1) * 2 + 2))];
| test_array [0] = 0;
| return test_array [0];
| 
|   ;
|   return 0;
| }
configure:19928: result: yes
configure:19938: checking for pid_t
configure:19938: gcc -c -g -O2  conftest.c >&5
configure:19938: $? = 0
configure:19938: gcc -c -g -O2  conftest.c >&5
conftest.c: In function 'main':
conftest.c:61:20: error: expected expression before ')' token
   61 | if (sizeof ((pid_t)))
      |                    ^
configure:19938: $? = 1
configure: failed program was:
| /* confdefs.h */
| #define PACKAGE_NAME "CppUTest"
| #define PACKAGE_TARNAME "cpputest"
| #define PACKAGE_VERSION "4.0"
| #define PACKAGE_STRING "CppUTest 4.0"
| #define PACKAGE_BUGREPORT "https://github.com/cpputest/cpputest"
| #define PACKAGE_URL ""
| #define PACKAGE "cpputest"
| #define VERSION "4.0"
| #define HAVE_STDIO_H 1
| #define HAVE_STDLIB_H 1
| #define HAVE_STRING_H 1
| #define HAVE_INTTYPES_H 1
| #define HAVE_STDINT_H 1
| #define HAVE_STRINGS_H 1
| #define HAVE_SYS_STAT_H 1
| #define HAVE_SYS_TYPES_H 1
| #define HAVE_UNISTD_H 1
| #define STDC_HEADERS 1
| #define HAVE_DLFCN_H 1
| #define LT_OBJDIR ".libs/"
| #define HAVE_STDDEF_H 1
| #define HAVE_STDINT_H 1
| #define HAVE_STDLIB_H 1
| #define HAVE_STRING_H 1
| #define HAVE_SYS_TIME_H 1
| #define HAVE_UNISTD_H 1
| /* end confdefs.h.  */
| #include <stddef.h>
| #ifdef HAVE_STDIO_H
| # include <stdio.h>
| #endif
| #ifdef HAVE_STDLIB_H
| # include <stdlib.h>
| #endif
| #ifdef HAVE_STRING_H
| # include <string.h>
| #endif
| #ifdef HAVE_INTTYPES_H
| # include <inttypes.h>
| #endif
| #ifdef HAVE_STDINT_H
| # include <stdint.h>
| #endif
| #ifdef HAVE_STRINGS_H
| # include <strings.h>
| #endif
| #ifdef HAVE_SYS_TYPES_H
| # include <sys/types.h>
| #endif
| #ifdef HAVE_SYS_STAT_H
| # include <sys/stat.h>
| #endif
| #ifdef HAVE_UNISTD_H
| # include <unistd.h>
| #endif
| 
| int
| main (void)
| {
| if (sizeof ((pid_t)))
| 	    return 0;
|   ;
|   return 0;
| }
configure:19938: result: yes
configure:19974: checking for size_t
configure:19974: gcc -c -g -O2  conftest.c >&5
configure:19974: $? = 0
configure:19974: gcc -c -g -O2  conftest.c >&5
conftest.c: In function 'main':
conftest.c:60:21: error: expected expression before ')' token
   60 | if (sizeof ((size_t)))
      |                     ^
configure:19974: $? = 1
configure: failed program was:
| /* confdefs.h */
| #define PACKAGE_NAME "CppUTest"
| #define PACKAGE_TARNAME "cpputest"
| #define PACKAGE_VERSION "4.0"
| #define PACKAGE_STRING "CppUTest 4.0"
| #define PACKAGE_BUGREPORT "https://github.com/cpputest/cpputest"
| #define PACKAGE_URL ""
| #define PACKAGE "cpputest"
| #define VERSION "4.0"
| #define HAVE_STDIO_H 1
| #define HAVE_STDLIB_H 1
| #define HAVE_STRING_H 1
| #define HAVE_INTTYPES_H 1
| #define HAVE_STDINT_H 1
| #define HAVE_STRINGS_H 1
| #define HAVE_SYS_STAT_H 1
| #define HAVE_SYS_TYPES_H 1
| #define HAVE_UNISTD_H 1
| #define STDC_HEADERS 1
| #define HAVE_DLFCN_H 1
| #define LT_OBJDIR ".libs/"
| #define HAVE_STDDEF_H 1
| #define HAVE_STDINT_H 1
| #define HAVE_STDLIB_H 1
| #define HAVE_STRING_H 1
| #define HAVE_SYS_TIME_H 1
| #define HAVE_UNISTD_H 1
| /* end confdefs.h.  */
| #include <stddef.h>
| #ifdef HAVE_STDIO_H
| # include <stdio.h>
| #endif
| #ifdef HAVE_STDLIB_H
| # include <stdlib.h>
| #endif
| #ifdef HAVE_STRING_H
| # include <string.h>
| #endif
| #ifdef HAVE_INTTYPES_H
| # include <inttypes.h>
| #endif
| #ifdef HAVE_STDINT_H
| # include <stdint.h>
| #endif
| #ifdef HAVE_STRINGS_H
| # include <strings.h>
| #endif
| #ifdef HAVE_SYS_TYPES_H
| # include <sys/types.h>
| #endif
| #ifdef HAVE_SYS_STAT_H
| # include <sys/stat.h>
| #endif
| #ifdef HAVE_UNISTD_H
| # include <unistd.h>
| #endif
| int
| main (void)
| {
| if (sizeof ((size_t)))
| 	    return 0;
|   ;
|   return 0;
| }
configure:19974: result: yes
configure:19984: checking for uint16_t
configure:19984: gcc -c -g -O2  conftest.c >&5
configure:19984: $? = 0
configure:19984: result: yes
configure:19994: checking for uint32_t
configure:19994: gcc -c -g -O2  conftest.c >&5
configure:19994: $? = 0
configure:19994: result: yes
configure:20006: checking for uint64_t
configure:20006: gcc -c -g -O2  conftest.c >&5
configure:20006: $? = 0
configure:20006: result: yes
configure:20018: checking for uint8_t
configure:20018: gcc -c -g -O2  conftest.c >&5
configure:20018: $? = 0
configure:20018: result: yes
configure:20031: checking for unsigned long long int
configure:20073: gcc -o conftest -g -O2   conftest.c    -lpthread >&5
configure:20073: $? = 0
configure:20083: result: yes
configure:20093: checking for long long int
configure:20135: gcc -o conftest -g -O2   conftest.c    -lpthread >&5
configure:20135: $? = 0
configure:20135: ./conftest
configure:20135: $? = 0
configure:20148: result: yes
configure:20163: checking for fork
configure:20163: gcc -o conftest -g -O2   conftest.c    -lpthread >&5
conftest.c:47:6: warning: conflicting types for built-in function 'fork'; expected 'int(void)' [-Wbuiltin-declaration-mismatch]
   47 | char fork ();
      |      ^~~~
configure:20163: $? = 0
configure:20163: result: yes
configure:20163: checking for vfork
configure:20163: gcc -o conftest -g -O2   conftest.c    -lpthread >&5
configure:20163: $? = 0
configure:20163: result: yes
configure:20176: checking for working fork
configure:20200: gcc -o conftest -g -O2   conftest.c    -lpthread >&5
configure:20200: $? = 0
configure:20200: ./conftest
configure:20200: $? = 0
configure:20211: result: yes
configure:20232: checking for working vfork
configure:20361: result: yes
configure:20386: checking for waitpid
configure:20386: gcc -o conftest -g -O2   conftest.c    -lpthread >&5
configure:20386: $? = 0
configure:20386: result: yes
configure:20392: checking for gettimeofday
configure:20392: gcc -o conftest -g -O2   conftest.c    -lpthread >&5
configure:20392: $? = 0
configure:20392: result: yes
configure:20398: checking for memset
configure:20398: gcc -o conftest -g -O2   conftest.c    -lpthread >&5
conftest.c:53:6: warning: conflicting types for built-in function 'memset'; expected 'void *(void *, int,  long unsigned int)' [-Wbuiltin-declaration-mismatch]
   53 | char memset ();
      |      ^~~~~~
conftest.c:45:1: note: 'memset' is declared in header '<string.h>'
   44 | #include <limits.h>
   45 | #undef memset
configure:20398: $? = 0
configure:20398: result: yes
configure:20404: checking for strstr
configure:20404: gcc -o conftest -g -O2   conftest.c    -lpthread >&5
conftest.c:54:6: warning: conflicting types for built-in function 'strstr'; expected 'char *(const char *, const char *)' [-Wbuiltin-declaration-mismatch]
   54 | char strstr ();
      |      ^~~~~~
conftest.c:46:1: note: 'strstr' is declared in header '<string.h>'
   45 | #include <limits.h>
   46 | #undef strstr
configure:20404: $? = 0
configure:20404: result: yes
configure:20410: checking for strdup
configure:20410: gcc -o conftest -g -O2   conftest.c    -lpthread >&5
conftest.c:55:6: warning: conflicting types for built-in function 'strdup'; expected 'char *(const char *)' [-Wbuiltin-declaration-mismatch]
   55 | char strdup ();
      |      ^~~~~~
configure:20410: $? = 0
configure:20410: result: yes
configure:20416: checking for pthread_mutex_lock
configure:20416: gcc -o conftest -g -O2   conftest.c    -lpthread >&5
configure:20416: $? = 0
configure:20416: result: yes
configure:20426: checking for gcc
configure:20447: found /usr/bin/gcc
configure:20459: result: yes
configure:20469: checking for clang
configure:20502: result: no
configure:20512: checking for lcov
configure:20545: result: no
configure:20555: checking for valgrind
configure:20588: result: no
configure:20598: checking for dash
configure:20619: found /usr/bin/dash
configure:20631: result: yes
configure:20684: checking whether CXX supports -std=c++1y
configure:20697: g++ -c -Werror -std=c++1y  conftest.cpp >&5
configure:20697: $? = 0
configure:20699: result: yes
configure:20710: checking whether CXX supports -std=c++14
configure:20723: g++ -c -Werror -std=c++14  conftest.cpp >&5
configure:20723: $? = 0
configure:20725: result: yes
configure:20736: checking whether CXX supports -std=c++17
configure:20749: g++ -c -Werror -std=c++17  conftest.cpp >&5
configure:20749: $? = 0
configure:20751: result: yes
configure:20762: checking whether CXX supports -std=c++2a
configure:20775: g++ -c -Werror -std=c++2a  conftest.cpp >&5
configure:20775: $? = 0
configure:20777: result: yes
configure:20788: checking whether CXX supports -std=c++20
configure:20801: g++ -c -Werror -std=c++20  conftest.cpp >&5
configure:20801: $? = 0
configure:20803: result: yes
configure:20819: checking whether CXX supports -std=c++98
configure:20832: g++ -c -Werror -std=c++98  conftest.cpp >&5
configure:20832: $? = 0
configure:20834: result: yes
configure:20845: checking whether CXX supports -std=c++0x
configure:20858: g++ -c -Werror -std=c++0x  conftest.cpp >&5
configure:20858: $? = 0
configure:20860: result: yes
configure:20870: checking whether CXX supports -std=c++11
configure:20883: g++ -c -Werror -std=c++11  conftest.cpp >&5
configure:20883: $? = 0
configure:20885: result: yes
configure:20895: checking whether CXX supports -stdlib=libc++
configure:20908: g++ -c -Werror -stdlib=libc++  conftest.cpp >&5
g++: error: unrecognized command-line option '-stdlib=libc++'
configure:20908: $? = 1
configure: failed program was:
| /* confdefs.h */
| #define PACKAGE_NAME "CppUTest"
| #define PACKAGE_TARNAME "cpputest"
| #define PACKAGE_VERSION "4.0"
| #define PACKAGE_STRING "CppUTest 4.0"
| #define PACKAGE_BUGREPORT "https://github.com/cpputest/cpputest"
| #define PACKAGE_URL ""
| #define PACKAGE "cpputest"
| #define VERSION "4.0"
| #define HAVE_STDIO_H 1
| #define HAVE_STDLIB_H 1
| #define HAVE_STRING_H 1
| #define HAVE_INTTYPES_H 1
| #define HAVE_STDINT_H 1
| #define HAVE_STRINGS_H 1
| #define HAVE_SYS_STAT_H 1
| #define HAVE_SYS_TYPES_H 1
| #define HAVE_UNISTD_H 1
| #define STDC_HEADERS 1
| #define HAVE_DLFCN_H 1
| #define LT_OBJDIR ".libs/"
| #define HAVE_STDDEF_H 1
| #define HAVE_STDINT_H 1
| #define HAVE_STDLIB_H 1
| #define HAVE_STRING_H 1
| #define HAVE_SYS_TIME_H 1
| #define HAVE_UNISTD_H 1
| #define HAVE_UNSIGNED_LONG_LONG_INT 1
| #define HAVE_LONG_LONG_INT 1
| #define HAVE_FORK 1
| #define HAVE_VFORK 1
| #define HAVE_WORKING_VFORK 1
| #define HAVE_WORKING_FORK 1
| #define HAVE_WAITPID 1
| #define HAVE_GETTIMEOFDAY 1
| #define HAVE_MEMSET 1
| #define HAVE_STRSTR 1
| #define HAVE_STRDUP 1
| #define HAVE_PTHREAD_MUTEX_LOCK 1
| /* end confdefs.h.  */
| #include <cstdio>
| int
| main (void)
| {
| 
|   ;
|   return 0;
| }
configure:20913: result: no
configure:20921: checking whether CXX supports -Wno-c++98-compat
configure:20934: g++ -c -Werror -Wno-c++98-compat  conftest.cpp >&5
configure:20934: $? = 0
configure:20936: result: yes
configure:20947: checking whether CXX supports -Wno-c++98-compat-pedantic
configure:20960: g++ -c -Werror -Wno-c++98-compat-pedantic  conftest.cpp >&5
configure:20960: $? = 0
configure:20962: result: yes
configure:20973: checking whether CXX supports -Wno-c++14-compat
configure:20986: g++ -c -Werror -Wno-c++14-compat  conftest.cpp >&5
configure:20986: $? = 0
configure:20988: result: yes
configure:21006: checking whether CC and CXX supports -Wno-c++11-long-long
configure:21019: gcc -c -Werror -Wno-c++11-long-long  conftest.c >&5
configure:21019: $? = 0
configure:21021: result: yes
configure:21032: checking whether CC and CXX supports -Wno-long-long
configure:21045: gcc -c -Werror -Wno-long-long  conftest.c >&5
configure:21045: $? = 0
configure:21047: result: yes
configure:21061: checking whether CC and CXX supports -Weverything
configure:21074: gcc -c -Werror -Weverything -Wno-unused-macros  conftest.c >&5
gcc: error: unrecognized command-line option '-Weverything'
configure:21074: $? = 1
configure: failed program was:
| /* confdefs.h */
| #define PACKAGE_NAME "CppUTest"
| #define PACKAGE_TARNAME "cpputest"
| #define PACKAGE_VERSION "4.0"
| #define PACKAGE_STRING "CppUTest 4.0"
| #define PACKAGE_BUGREPORT "https://github.com/cpputest/cpputest"
| #define PACKAGE_URL ""
| #define PACKAGE "cpputest"
| #define VERSION "4.0"
| #define HAVE_STDIO_H 1
| #define HAVE_STDLIB_H 1
| #define HAVE_STRING_H 1
| #define HAVE_INTTYPES_H 1
| #define HAVE_STDINT_H 1
| #define HAVE_STRINGS_H 1
| #define HAVE_SYS_STAT_H 1
| #define HAVE_SYS_TYPES_H 1
| #define HAVE_UNISTD_H 1
| #define STDC_HEADERS 1
| #define HAVE_DLFCN_H 1
| #define LT_OBJDIR ".libs/"
| #define HAVE_STDDEF_H 1
| #define HAVE_STDINT_H 1
| #define HAVE_STDLIB_H 1
| #define HAVE_STRING_H 1
| #define HAVE_SYS_TIME_H 1
| #define HAVE_UNISTD_H 1
| #define HAVE_UNSIGNED_LONG_LONG_INT 1
| #define HAVE_LONG_LONG_INT 1
| #define HAVE_FORK 1
| #define HAVE_VFORK 1
| #define HAVE_WORKING_VFORK 1
| #define HAVE_WORKING_FORK 1
| #define HAVE_WAITPID 1
| #define HAVE_GETTIMEOFDAY 1
| #define HAVE_MEMSET 1
| #define HAVE_STRSTR 1
| #define HAVE_STRDUP 1
| #define HAVE_PTHREAD_MUTEX_LOCK 1
| /* end confdefs.h.  */
| 
| int
| main (void)
| {
| 
|   ;
|   return 0;
| }
configure:21079: result: no
configure:21087: checking whether CC and CXX supports -Wall
configure:21100: gcc -c -Werror -Wall  conftest.c >&5
configure:21100: $? = 0
configure:21102: result: yes
configure:21113: checking whether CC and CXX supports -Wextra
configure:21126: gcc -c -Werror -Wextra  conftest.c >&5
configure:21126: $? = 0
configure:21128: result: yes
configure:21139: checking whether CC and CXX supports -Wshadow
configure:21152: gcc -c -Werror -Wshadow  conftest.c >&5
configure:21152: $? = 0
configure:21154: result: yes
configure:21165: checking whether CC and CXX supports -Wswitch-default
configure:21178: gcc -c -Werror -Wswitch-default  conftest.c >&5
configure:21178: $? = 0
configure:21180: result: yes
configure:21191: checking whether CC and CXX supports -Wswitch-enum
configure:21204: gcc -c -Werror -Wswitch-enum  conftest.c >&5
configure:21204: $? = 0
configure:21206: result: yes
configure:21217: checking whether CC and CXX supports -Wconversion
configure:21230: gcc -c -Werror -Wconversion  conftest.c >&5
configure:21230: $? = 0
configure:21232: result: yes
configure:21243: checking whether CC and CXX supports -pedantic
configure:21256: gcc -c -Werror -pedantic  conftest.c >&5
configure:21256: $? = 0
configure:21258: result: yes
configure:21269: checking whether CC supports -Wsign-conversion
configure:21282: gcc -c -Werror -Wsign-conversion  conftest.c >&5
configure:21282: $? = 0
configure:21284: result: yes
configure:21303: checking whether CXX supports -Wsign-conversion
configure:21316: g++ -c -Werror -Wsign-conversion  conftest.cpp >&5
configure:21316: $? = 0
configure:21318: result: yes
configure:21329: checking whether CXX supports -Woverloaded-virtual
configure:21342: g++ -c -Werror -Woverloaded-virtual  conftest.cpp >&5
configure:21342: $? = 0
configure:21344: result: yes
configure:21362: checking whether CC supports -Wstrict-prototypes
configure:21375: gcc -c -Werror -Wstrict-prototypes  conftest.c >&5
configure:21375: $? = 0
configure:21377: result: yes
configure:21393: checking whether CC and CXX supports -Wno-disabled-macro-expansion
configure:21406: gcc -c -Werror -Wno-disabled-macro-expansion  conftest.c >&5
configure:21406: $? = 0
configure:21408: result: yes
configure:21419: checking whether CC and CXX supports -Wno-padded
configure:21432: gcc -c -Werror -Wno-padded  conftest.c >&5
configure:21432: $? = 0
configure:21434: result: yes
configure:21445: checking whether CC and CXX supports -Wno-reserved-id-macro
configure:21458: gcc -c -Werror -Wno-reserved-id-macro  conftest.c >&5
configure:21458: $? = 0
configure:21460: result: yes
configure:21471: checking whether CC and CXX supports -Wno-keyword-macro
configure:21484: gcc -c -Werror -Wno-keyword-macro  conftest.c >&5
configure:21484: $? = 0
configure:21486: result: yes
configure:21503: checking whether CXX supports -Wno-global-constructors
configure:21516: g++ -c -Werror -Wno-global-constructors  conftest.cpp >&5
configure:21516: $? = 0
configure:21518: result: yes
configure:21529: checking whether CXX supports -Wno-exit-time-destructors
configure:21542: g++ -c -Werror -Wno-exit-time-destructors  conftest.cpp >&5
configure:21542: $? = 0
configure:21544: result: yes
configure:21555: checking whether CXX supports -Wno-weak-vtables
configure:21568: g++ -c -Werror -Wno-weak-vtables  conftest.cpp >&5
configure:21568: $? = 0
configure:21570: result: yes
configure:21581: checking whether CXX supports -Wno-old-style-cast
configure:21594: g++ -c -Werror -Wno-old-style-cast  conftest.cpp >&5
configure:21594: $? = 0
configure:21596: result: yes
configure:21623: checking whether CXX and the linker supports --coverage (broken in clang 3.3)
configure:21636: g++ -o conftest -Werror --coverage   conftest.cpp    -lpthread >&5
configure:21636: $? = 0
configure:21638: result: yes
configure:21667: checking whether CXX supports operator delete without exception handling specifier
configure:21680: g++ -c -Werror  conftest.cpp >&5
conftest.cpp:41:15: error: extra tokens at end of #include directive [-Werror]
   41 | #include <new>\nvoid operator delete(void* mem);
      |               ^
cc1plus: all warnings being treated as errors
configure:21680: $? = 1
configure: failed program was:
| /* confdefs.h */
| #define PACKAGE_NAME "CppUTest"
| #define PACKAGE_TARNAME "cpputest"
| #define PACKAGE_VERSION "4.0"
| #define PACKAGE_STRING "CppUTest 4.0"
| #define PACKAGE_BUGREPORT "https://github.com/cpputest/cpputest"
| #define PACKAGE_URL ""
| #define PACKAGE "cpputest"
| #define VERSION "4.0"
| #define HAVE_STDIO_H 1
| #define HAVE_STDLIB_H 1
| #define HAVE_STRING_H 1
| #define HAVE_INTTYPES_H 1
| #define HAVE_STDINT_H 1
| #define HAVE_STRINGS_H 1
| #define HAVE_SYS_STAT_H 1
| #define HAVE_SYS_TYPES_H 1
| #define HAVE_UNISTD_H 1
| #define STDC_HEADERS 1
| #define HAVE_DLFCN_H 1
| #define LT_OBJDIR ".libs/"
| #define HAVE_STDDEF_H 1
| #define HAVE_STDINT_H 1
| #define HAVE_STDLIB_H 1
| #define HAVE_STRING_H 1
| #define HAVE_SYS_TIME_H 1
| #define HAVE_UNISTD_H 1
| #define HAVE_UNSIGNED_LONG_LONG_INT 1
| #define HAVE_LONG_LONG_INT 1
| #define HAVE_FORK 1
| #define HAVE_VFORK 1
| #define HAVE_WORKING_VFORK 1
| #define HAVE_WORKING_FORK 1
| #define HAVE_WAITPID 1
| #define HAVE_GETTIMEOFDAY 1
| #define HAVE_MEMSET 1
| #define HAVE_STRSTR 1
| #define HAVE_STRDUP 1
| #define HAVE_PTHREAD_MUTEX_LOCK 1
| /* end confdefs.h.  */
| #include <new>\nvoid operator delete(void* mem);
| int
| main (void)
| {
| 
|   ;
|   return 0;
| }
configure:21685: result: no
configure:21693: checking whether CXX supports operator new with exception handling specifier
configure:21706: g++ -c -Werror  conftest.cpp >&5
conftest.cpp:41:15: error: extra tokens at end of #include directive [-Werror]
   41 | #include <new>\nvoid* operator new(size_t size) throw(std::bad_alloc);;
      |               ^
cc1plus: all warnings being treated as errors
configure:21706: $? = 1
configure: failed program was:
| /* confdefs.h */
| #define PACKAGE_NAME "CppUTest"
| #define PACKAGE_TARNAME "cpputest"
| #define PACKAGE_VERSION "4.0"
| #define PACKAGE_STRING "CppUTest 4.0"
| #define PACKAGE_BUGREPORT "https://github.com/cpputest/cpputest"
| #define PACKAGE_URL ""
| #define PACKAGE "cpputest"
| #define VERSION "4.0"
| #define HAVE_STDIO_H 1
| #define HAVE_STDLIB_H 1
| #define HAVE_STRING_H 1
| #define HAVE_INTTYPES_H 1
| #define HAVE_STDINT_H 1
| #define HAVE_STRINGS_H 1
| #define HAVE_SYS_STAT_H 1
| #define HAVE_SYS_TYPES_H 1
| #define HAVE_UNISTD_H 1
| #define STDC_HEADERS 1
| #define HAVE_DLFCN_H 1
| #define LT_OBJDIR ".libs/"
| #define HAVE_STDDEF_H 1
| #define HAVE_STDINT_H 1
| #define HAVE_STDLIB_H 1
| #define HAVE_STRING_H 1
| #define HAVE_SYS_TIME_H 1
| #define HAVE_UNISTD_H 1
| #define HAVE_UNSIGNED_LONG_LONG_INT 1
| #define HAVE_LONG_LONG_INT 1
| #define HAVE_FORK 1
| #define HAVE_VFORK 1
| #define HAVE_WORKING_VFORK 1
| #define HAVE_WORKING_FORK 1
| #define HAVE_WAITPID 1
| #define HAVE_GETTIMEOFDAY 1
| #define HAVE_MEMSET 1
| #define HAVE_STRSTR 1
| #define HAVE_STRDUP 1
| #define HAVE_PTHREAD_MUTEX_LOCK 1
| /* end confdefs.h.  */
| #include <new>\nvoid* operator new(size_t size) throw(std::bad_alloc);;
| int
| main (void)
| {
| 
|   ;
|   return 0;
| }
configure:21711: result: no
configure:21719: checking whether CXX supports -Wno-missing-exception-spec
configure:21732: g++ -c -Werror -Wno-missing-exception-spec  conftest.cpp >&5
configure:21732: $? = 0
configure:21734: result: yes
configure:21763: checking whether CXXLD supports -Qunused-arguments linker option
configure:21778: result: no
configure:21784: checking whether LD supports -Wl,-map
configure:21797: gcc -o conftest -g -O2   -Wl,-map,filename.map.txt conftest.c    -lpthread >&5
/usr/bin/ld: unrecognised emulation mode: ap
Supported emulations: elf_x86_64 elf32_x86_64 elf_i386 elf_iamcu elf_l1om elf_k1om i386pep i386pe
collect2: error: ld returned 1 exit status
configure:21797: $? = 1
configure: failed program was:
| /* confdefs.h */
| #define PACKAGE_NAME "CppUTest"
| #define PACKAGE_TARNAME "cpputest"
| #define PACKAGE_VERSION "4.0"
| #define PACKAGE_STRING "CppUTest 4.0"
| #define PACKAGE_BUGREPORT "https://github.com/cpputest/cpputest"
| #define PACKAGE_URL ""
| #define PACKAGE "cpputest"
| #define VERSION "4.0"
| #define HAVE_STDIO_H 1
| #define HAVE_STDLIB_H 1
| #define HAVE_STRING_H 1
| #define HAVE_INTTYPES_H 1
| #define HAVE_STDINT_H 1
| #define HAVE_STRINGS_H 1
| #define HAVE_SYS_STAT_H 1
| #define HAVE_SYS_TYPES_H 1
| #define HAVE_UNISTD_H 1
| #define STDC_HEADERS 1
| #define HAVE_DLFCN_H 1
| #define LT_OBJDIR ".libs/"
| #define HAVE_STDDEF_H 1
| #define HAVE_STDINT_H 1
| #define HAVE_STDLIB_H 1
| #define HAVE_STRING_H 1
| #define HAVE_SYS_TIME_H 1
| #define HAVE_UNISTD_H 1
| #define HAVE_UNSIGNED_LONG_LONG_INT 1
| #define HAVE_LONG_LONG_INT 1
| #define HAVE_FORK 1
| #define HAVE_VFORK 1
| #define HAVE_WORKING_VFORK 1
| #define HAVE_WORKING_FORK 1
| #define HAVE_WAITPID 1
| #define HAVE_GETTIMEOFDAY 1
| #define HAVE_MEMSET 1
| #define HAVE_STRSTR 1
| #define HAVE_STRDUP 1
| #define HAVE_PTHREAD_MUTEX_LOCK 1
| /* end confdefs.h.  */
| 
| int
| main (void)
| {
| 
|   ;
|   return 0;
| }
configure:21802: result: no
configure:22047: checking for the availability of gmock via the GMOCK_HOME variable
configure:22242: checking that generated files are newer than configure
configure:22248: result: done
configure:22291: creating ./config.status

## ---------------------- ##
## Running config.status. ##
## ---------------------- ##

This file was extended by CppUTest config.status 4.0, which was
generated by GNU Autoconf 2.71.  Invocation command line was

  CONFIG_FILES    = 
  CONFIG_HEADERS  = 
  CONFIG_LINKS    = 
  CONFIG_COMMANDS = 
  $ ./config.status 

on nullachtfuenfzehn-laptop

config.status:1197: creating cpputest.pc
config.status:1197: creating Makefile
config.status:1197: creating config.h
config.status:1378: config.h is unchanged
config.status:1426: executing generated/CppUTestGeneratedConfig.h commands
config.status:1464: creating generated/CppUTestGeneratedConfig.h - prefix CPPUTEST for config.h defines
config.status:1486: generated/CppUTestGeneratedConfig.h is unchanged
config.status:1426: executing depfiles commands
config.status:1592: cd .       && sed -e '/# am--include-marker/d' Makefile         | make -f - am--depfiles
make: Nothing to be done for 'am--depfiles'.
config.status:1597: $? = 0
config.status:1426: executing libtool commands

## ---------------- ##
## Cache variables. ##
## ---------------- ##

ac_cv_build=x86_64-pc-linux-gnu
ac_cv_c_compiler_gnu=yes
ac_cv_c_inline=inline
ac_cv_c_int16_t=yes
ac_cv_c_int32_t=yes
ac_cv_c_int64_t=yes
ac_cv_c_int8_t=yes
ac_cv_c_uint16_t=yes
ac_cv_c_uint32_t=yes
ac_cv_c_uint64_t=yes
ac_cv_c_uint8_t=yes
ac_cv_cxx_compiler_gnu=yes
ac_cv_env_CCC_set=
ac_cv_env_CCC_value=
ac_cv_env_CC_set=
ac_cv_env_CC_value=
ac_cv_env_CFLAGS_set=
ac_cv_env_CFLAGS_value=
ac_cv_env_CPPFLAGS_set=
ac_cv_env_CPPFLAGS_value=
ac_cv_env_CPP_set=
ac_cv_env_CPP_value=
ac_cv_env_CXXCPP_set=
ac_cv_env_CXXCPP_value=
ac_cv_env_CXXFLAGS_set=
ac_cv_env_CXXFLAGS_value=
ac_cv_env_CXX_set=
ac_cv_env_CXX_value=
ac_cv_env_GMOCK_HOME_set=
ac_cv_env_GMOCK_HOME_value=
ac_cv_env_LDFLAGS_set=
ac_cv_env_LDFLAGS_value=
ac_cv_env_LIBS_set=
ac_cv_env_LIBS_value=
ac_cv_env_LT_SYS_LIBRARY_PATH_set=
ac_cv_env_LT_SYS_LIBRARY_PATH_value=
ac_cv_env_build_alias_set=
ac_cv_env_build_alias_value=
ac_cv_env_host_alias_set=
ac_cv_env_host_alias_value=
ac_cv_env_target_alias_set=
ac_cv_env_target_alias_value=
ac_cv_func_dlopen=yes
ac_cv_func_fork=yes
ac_cv_func_fork_works=yes
ac_cv_func_gettimeofday=yes
ac_cv_func_memset=yes
ac_cv_func_pthread_mutex_lock=yes
ac_cv_func_shl_load=no
ac_cv_func_strdup=yes
ac_cv_func_strstr=yes
ac_cv_func_vfork=yes
ac_cv_func_vfork_works=yes
ac_cv_func_waitpid=yes
ac_cv_header_dlfcn_h=yes
ac_cv_header_inttypes_h=yes
ac_cv_header_stddef_h=yes
ac_cv_header_stdint_h=yes
ac_cv_header_stdio_h=yes
ac_cv_header_stdlib_h=yes
ac_cv_header_string_h=yes
ac_cv_header_strings_h=yes
ac_cv_header_sys_stat_h=yes
ac_cv_header_sys_time_h=yes
ac_cv_header_sys_types_h=yes
ac_cv_header_unistd_h=yes
ac_cv_header_vfork_h=no
ac_cv_host=x86_64-pc-linux-gnu
ac_cv_lib_dld_shl_load=no
ac_cv_objext=o
ac_cv_path_EGREP='/usr/bin/grep -E'
ac_cv_path_FGREP='/usr/bin/grep -F'
ac_cv_path_GREP=/usr/bin/grep
ac_cv_path_SED=/usr/bin/sed
ac_cv_path_install='/usr/bin/install -c'
ac_cv_path_lt_DD=/usr/bin/dd
ac_cv_path_mkdir=/usr/bin/mkdir
ac_cv_prog_AWK=mawk
ac_cv_prog_CPP='gcc -E'
ac_cv_prog_CPPUTEST_HAS_CLANG=no
ac_cv_prog_CPPUTEST_HAS_DASH=yes
ac_cv_prog_CPPUTEST_HAS_GCC=yes
ac_cv_prog_CPPUTEST_HAS_LCOV=no
ac_cv_prog_CPPUTEST_HAS_VALGRIND=no
ac_cv_prog_CXXCPP='g++ -E'
ac_cv_prog_ac_ct_AR=ar
ac_cv_prog_ac_ct_CC=gcc
ac_cv_prog_ac_ct_CXX=g++
ac_cv_prog_ac_ct_MANIFEST_TOOL=mt
ac_cv_prog_ac_ct_OBJDUMP=objdump
ac_cv_prog_ac_ct_RANLIB=ranlib
ac_cv_prog_ac_ct_STRIP=strip
ac_cv_prog_cc_c11=
ac_cv_prog_cc_g=yes
ac_cv_prog_cc_stdc=
ac_cv_prog_cxx_11=no
ac_cv_prog_cxx_cxx11=
ac_cv_prog_cxx_g=yes
ac_cv_prog_cxx_stdcxx=
ac_cv_prog_make_make_set=yes
ac_cv_type_long_long_int=yes
ac_cv_type_pid_t=yes
ac_cv_type_size_t=yes
ac_cv_type_unsigned_long_long_int=yes
am_cv_CC_dependencies_compiler_type=gcc3
am_cv_CXX_dependencies_compiler_type=gcc3
am_cv_make_support_nested_variables=yes
am_cv_prog_cc_c_o=yes
ax_cv_c_compiler_vendor=gnu
ax_cv_c_compiler_version=11.3.0
lt_cv_ar_at_file=@
lt_cv_archive_cmds_need_lc=no
lt_cv_deplibs_check_method=pass_all
lt_cv_dlopen=dlopen
lt_cv_dlopen_libs=
lt_cv_dlopen_self=yes
lt_cv_dlopen_self_static=no
lt_cv_file_magic_cmd='$MAGIC_CMD'
lt_cv_file_magic_test_file=
lt_cv_ld_reload_flag=-r
lt_cv_nm_interface='BSD nm'
lt_cv_objdir=.libs
lt_cv_path_LD=/usr/bin/ld
lt_cv_path_LDCXX='/usr/bin/ld -m elf_x86_64'
lt_cv_path_NM='/usr/bin/nm -B'
lt_cv_path_mainfest_tool=no
lt_cv_prog_compiler_c_o=yes
lt_cv_prog_compiler_c_o_CXX=yes
lt_cv_prog_compiler_pic='-fPIC -DPIC'
lt_cv_prog_compiler_pic_CXX='-fPIC -DPIC'
lt_cv_prog_compiler_pic_works=yes
lt_cv_prog_compiler_pic_works_CXX=yes
lt_cv_prog_compiler_rtti_exceptions=no
lt_cv_prog_compiler_static_works=yes
lt_cv_prog_compiler_static_works_CXX=yes
lt_cv_prog_gnu_ld=yes
lt_cv_prog_gnu_ldcxx=yes
lt_cv_sharedlib_from_linklib_cmd='printf %s\n'
lt_cv_shlibpath_overrides_runpath=yes
lt_cv_sys_global_symbol_pipe='sed -n -e '\''s/^.*[	 ]\([ABCDGIRSTW][ABCDGIRSTW]*\)[	 ][	 ]*\([_A-Za-z][_A-Za-z0-9]*\)$/\1 \2 \2/p'\'' | sed '\''/ __gnu_lto/d'\'''
lt_cv_sys_global_symbol_to_c_name_address='sed -n -e '\''s/^: \(.*\) .*$/  {"\1", (void *) 0},/p'\'' -e '\''s/^[ABCDGIRSTW][ABCDGIRSTW]* .* \(.*\)$/  {"\1", (void *) \&\1},/p'\'''
lt_cv_sys_global_symbol_to_c_name_address_lib_prefix='sed -n -e '\''s/^: \(.*\) .*$/  {"\1", (void *) 0},/p'\'' -e '\''s/^[ABCDGIRSTW][ABCDGIRSTW]* .* \(lib.*\)$/  {"\1", (void *) \&\1},/p'\'' -e '\''s/^[ABCDGIRSTW][ABCDGIRSTW]* .* \(.*\)$/  {"lib\1", (void *) \&\1},/p'\'''
lt_cv_sys_global_symbol_to_cdecl='sed -n -e '\''s/^T .* \(.*\)$/extern int \1();/p'\'' -e '\''s/^[ABCDGIRSTW][ABCDGIRSTW]* .* \(.*\)$/extern char \1;/p'\'''
lt_cv_sys_global_symbol_to_import=
lt_cv_sys_max_cmd_len=1572864
lt_cv_to_host_file_cmd=func_convert_file_noop
lt_cv_to_tool_file_cmd=func_convert_file_noop
lt_cv_truncate_bin='/usr/bin/dd bs=4096 count=1'

## ----------------- ##
## Output variables. ##
## ----------------- ##

ACLOCAL='${SHELL} '\''/home/nullachtfuenfzehn/Projects/librarys/C/buffer/tools/cpputest/missing'\'' aclocal-1.16'
ALL_FILES_IN_GIT=''
AMDEPBACKSLASH='\'
AMDEP_FALSE='#'
AMDEP_TRUE=''
AMTAR='$${TAR-tar}'
AM_BACKSLASH='\'
AM_DEFAULT_V='$(AM_DEFAULT_VERBOSITY)'
AM_DEFAULT_VERBOSITY='1'
AM_V='$(V)'
AR='ar'
AUTOCONF='${SHELL} '\''/home/nullachtfuenfzehn/Projects/librarys/C/buffer/tools/cpputest/missing'\'' autoconf'
AUTOHEADER='${SHELL} '\''/home/nullachtfuenfzehn/Projects/librarys/C/buffer/tools/cpputest/missing'\'' autoheader'
AUTOMAKE='${SHELL} '\''/home/nullachtfuenfzehn/Projects/librarys/C/buffer/tools/cpputest/missing'\'' automake-1.16'
AWK='mawk'
CC='gcc'
CCDEPMODE='depmode=gcc3'
CFLAGS='-g -O2'
CPP='gcc -E'
CPPFLAGS=''
CPPUTEST_ADDITIONAL_CFLAGS=''
CPPUTEST_ADDITIONAL_CPPFLAGS=''
CPPUTEST_ADDITIONAL_CXXFLAGS=''
CPPUTEST_CFLAGS='  -Wno-c++11-long-long -Wno-long-long -Wall -Wextra -Wshadow -Wswitch-default -Wswitch-enum -Wconversion -pedantic -Wsign-conversion -Wstrict-prototypes -Wno-disabled-macro-expansion -Wno-padded -Wno-reserved-id-macro -Wno-keyword-macro '
CPPUTEST_CPPFLAGS=' -include ./include/CppUTest/MemoryLeakDetectorMallocMacros.h -I ./include '
CPPUTEST_CXXFLAGS=' -include ./include/CppUTest/MemoryLeakDetectorNewMacros.h  -Wno-c++98-compat -Wno-c++98-compat-pedantic -Wno-c++14-compat -Wno-c++11-long-long -Wno-long-long -Wall -Wextra -Wshadow -Wswitch-default -Wswitch-enum -Wconversion -pedantic -Wsign-conversion -Woverloaded-virtual -Wno-disabled-macro-expansion -Wno-padded -Wno-reserved-id-macro -Wno-keyword-macro -Wno-global-constructors -Wno-exit-time-destructors -Wno-weak-vtables -Wno-old-style-cast '
CPPUTEST_HAS_CLANG='no'
CPPUTEST_HAS_DASH='yes'
CPPUTEST_HAS_GCC='yes'
CPPUTEST_HAS_LCOV='no'
CPPUTEST_HAS_VALGRIND='no'
CPPUTEST_LDADD=''
CPPUTEST_LDFLAGS=''
CPPUTEST_ON_MACOSX=''
CPP_PLATFORM='Gcc'
CSCOPE='cscope'
CTAGS='ctags'
CXX='g++'
CXXCPP='g++ -E'
CXXDEPMODE='depmode=gcc3'
CXXFLAGS='-g -O2'
CYGPATH_W='echo'
DEFS='-DHAVE_CONFIG_H'
DEPDIR='.deps'
DLLTOOL='false'
DSYMUTIL=''
DUMPBIN=''
ECHO_C=''
ECHO_N='-n'
ECHO_T=''
EGREP='/usr/bin/grep -E'
ETAGS='etags'
EXEEXT=''
FGREP='/usr/bin/grep -F'
GMOCK_HOME=''
GREP='/usr/bin/grep'
INCLUDE_CPPUTEST_EXT=''
INCLUDE_CPPUTEST_EXT_FALSE='#'
INCLUDE_CPPUTEST_EXT_TRUE=''
INCLUDE_GMOCKTESTS_FALSE=''
INCLUDE_GMOCKTESTS_TRUE='#'
INSTALL_DATA='${INSTALL} -m 644'
INSTALL_PROGRAM='${INSTALL}'
INSTALL_SCRIPT='${INSTALL}'
INSTALL_STRIP_PROGRAM='$(install_sh) -c -s'
LD='/usr/bin/ld -m elf_x86_64'
LDFLAGS=''
LIBOBJS=''
LIBS='   -lpthread'
LIBTOOL='$(SHELL) $(top_builddir)/libtool'
LIPO=''
LN_S='ln -s'
LTLIBOBJS=''
LT_SYS_LIBRARY_PATH=''
MAKEINFO='${SHELL} '\''/home/nullachtfuenfzehn/Projects/librarys/C/buffer/tools/cpputest/missing'\'' makeinfo'
MANIFEST_TOOL=':'
MKDIR_P='/usr/bin/mkdir -p'
MOSTLYCLEANFILES=''
NM='/usr/bin/nm -B'
NMEDIT=''
OBJDUMP='objdump'
OBJEXT='o'
OTOOL64=''
OTOOL=''
PACKAGE='cpputest'
PACKAGE_BUGREPORT='https://github.com/cpputest/cpputest'
PACKAGE_NAME='CppUTest'
PACKAGE_STRING='CppUTest 4.0'
PACKAGE_TARNAME='cpputest'
PACKAGE_URL=''
PACKAGE_VERSION='4.0'
PATH_SEPARATOR=':'
PTHREAD_CC='gcc'
PTHREAD_CFLAGS=''
PTHREAD_LIBS=''
RANLIB='ranlib'
SED='/usr/bin/sed'
SET_MAKE=''
SHELL='/bin/bash'
STRIP='strip'
TEST_COMPILER_IS_CLANG_FALSE=''
TEST_COMPILER_IS_CLANG_TRUE='#'
VERSION='4.0'
ac_ct_AR='ar'
ac_ct_CC='gcc'
ac_ct_CXX='g++'
ac_ct_DUMPBIN=''
acx_pthread_config=''
am__EXEEXT_FALSE=''
am__EXEEXT_TRUE='#'
am__fastdepCC_FALSE='#'
am__fastdepCC_TRUE=''
am__fastdepCXX_FALSE='#'
am__fastdepCXX_TRUE=''
am__include='include'
am__isrc=''
am__leading_dot='.'
am__nodep='_no'
am__quote=''
am__tar='$${TAR-tar} chof - "$$tardir"'
am__untar='$${TAR-tar} xf -'
bindir='${exec_prefix}/bin'
build='x86_64-pc-linux-gnu'
build_alias=''
build_cpu='x86_64'
build_os='linux-gnu'
build_vendor='pc'
datadir='${datarootdir}'
datarootdir='${prefix}/share'
docdir='${datarootdir}/doc/${PACKAGE_TARNAME}'
dvidir='${docdir}'
exec_prefix='${prefix}'
host='x86_64-pc-linux-gnu'
host_alias=''
host_cpu='x86_64'
host_os='linux-gnu'
host_vendor='pc'
htmldir='${docdir}'
includedir='${prefix}/include'
infodir='${datarootdir}/info'
install_sh='${SHELL} /home/nullachtfuenfzehn/Projects/librarys/C/buffer/tools/cpputest/install-sh'
libdir='${exec_prefix}/lib'
libexecdir='${exec_prefix}/libexec'
localedir='${datarootdir}/locale'
localstatedir='${prefix}/var'
mandir='${datarootdir}/man'
mkdir_p='$(MKDIR_P)'
oldincludedir='/usr/include'
pdfdir='${docdir}'
prefix='/usr/local'
program_transform_name='s,x,x,'
psdir='${docdir}'
runstatedir='${localstatedir}/run'
sbindir='${exec_prefix}/sbin'
sharedstatedir='${prefix}/com'
sysconfdir='${prefix}/etc'
target_alias=''

## ----------- ##
## confdefs.h. ##
## ----------- ##

/* confdefs.h */
#define PACKAGE_NAME "CppUTest"
#define PACKAGE_TARNAME "cpputest"
#define PACKAGE_VERSION "4.0"
#define PACKAGE_STRING "CppUTest 4.0"
#define PACKAGE_BUGREPORT "https://github.com/cpputest/cpputest"
#define PACKAGE_URL ""
#define PACKAGE "cpputest"
#define VERSION "4.0"
#define HAVE_STDIO_H 1
#define HAVE_STDLIB_H 1
#define HAVE_STRING_H 1
#define HAVE_INTTYPES_H 1
#define HAVE_STDINT_H 1
#define HAVE_STRINGS_H 1
#define HAVE_SYS_STAT_H 1
#define HAVE_SYS_TYPES_H 1
#define HAVE_UNISTD_H 1
#define STDC_HEADERS 1
#define HAVE_DLFCN_H 1
#define LT_OBJDIR ".libs/"
#define HAVE_STDDEF_H 1
#define HAVE_STDINT_H 1
#define HAVE_STDLIB_H 1
#define HAVE_STRING_H 1
#define HAVE_SYS_TIME_H 1
#define HAVE_UNISTD_H 1
#define HAVE_UNSIGNED_LONG_LONG_INT 1
#define HAVE_LONG_LONG_INT 1
#define HAVE_FORK 1
#define HAVE_VFORK 1
#define HAVE_WORKING_VFORK 1
#define HAVE_WORKING_FORK 1
#define HAVE_WAITPID 1
#define HAVE_GETTIMEOFDAY 1
#define HAVE_MEMSET 1
#define HAVE_STRSTR 1
#define HAVE_STRDUP 1
#define HAVE_PTHREAD_MUTEX_LOCK 1

configure: exit 0
